<?xml version="1.0" encoding="UTF-8"?>
<testsuites tests="1" failures="1" errors="0" skipped="0">
  <testsuite name="TruValue Test Cases Suite" timestamp="2024-07-04T11:43:44" time="10.095" tests="1" failures="1" errors="0" skipped="0">
    <properties>
      <property name="specId" value="0"/>
      <property name="suiteName" value="TruValue Test Cases Suite"/>
      <property name="capabilities" value="chrome.126_0_6478_127.windows"/>
      <property name="file" value="file:///C:/Users/ahsham.khan/Desktop/WebDriver/bayutFunctionals/test/specs/truValue.specs.js"/>
    </properties>
    <testcase classname="chrome.126_0_6478_127.windows.TruValue_Test_Cases_Suite" name="Verify Search Agency Field at the bottom" time="10.093">
      <failure message="element (&quot;//div[@name=&quot;property type&quot;]/following::div[@aria-label=&quot;Location filter&quot;]/input[@placeholder=&quot;Enter location&quot;]&quot;) still not clickable after 10000ms"/>
      <system-out><![CDATA[
COMMAND: POST /session/d6561623076e888865c437bc0c8f3a1f/window/maximize - {}
COMMAND: DELETE /session/d6561623076e888865c437bc0c8f3a1f/cookie - {}
COMMAND: POST /session/d6561623076e888865c437bc0c8f3a1f/element - {"using":"xpath","value":"//div[@name=\"property type\"]/following::div[@aria-label=\"Location filter\"]/input[@placeholder=\"Enter location\"]"}
COMMAND: POST /session/d6561623076e888865c437bc0c8f3a1f/url - {"url":"https://sl:getin1@bayut-e2e-development.dubizzle.dev/tru-value"}
RESULT: {}
RESULT: {}
RESULT: {"using":"xpath","value":"//div[@name=\"property type\"]/following::div[@aria-label=\"Location filter\"]/input[@placeholder=\"Enter location\"]"}
COMMAND: POST /session/d6561623076e888865c437bc0c8f3a1f/element - {"using":"xpath","value":"//div[@name=\"property type\"]/following::div[@aria-label=\"Location filter\"]/input[@placeholder=\"Enter location\"]"}
RESULT: {"url":"https://sl:getin1@bayut-e2e-development.dubizzle.dev/tru-value"}
RESULT: {"using":"xpath","value":"//div[@name=\"property type\"]/following::div[@aria-label=\"Location filter\"]/input[@placeholder=\"Enter location\"]"}
COMMAND: POST /session/d6561623076e888865c437bc0c8f3a1f/element - {"using":"xpath","value":"//div[@name=\"property type\"]/following::div[@aria-label=\"Location filter\"]/input[@placeholder=\"Enter location\"]"}
RESULT: {"using":"xpath","value":"//div[@name=\"property type\"]/following::div[@aria-label=\"Location filter\"]/input[@placeholder=\"Enter location\"]"}
COMMAND: POST /session/d6561623076e888865c437bc0c8f3a1f/element - {"using":"xpath","value":"//div[@name=\"property type\"]/following::div[@aria-label=\"Location filter\"]/input[@placeholder=\"Enter location\"]"}
RESULT: {"using":"xpath","value":"//div[@name=\"property type\"]/following::div[@aria-label=\"Location filter\"]/input[@placeholder=\"Enter location\"]"}
COMMAND: POST /session/d6561623076e888865c437bc0c8f3a1f/element - {"using":"xpath","value":"//div[@name=\"property type\"]/following::div[@aria-label=\"Location filter\"]/input[@placeholder=\"Enter location\"]"}
RESULT: {"using":"xpath","value":"//div[@name=\"property type\"]/following::div[@aria-label=\"Location filter\"]/input[@placeholder=\"Enter location\"]"}
COMMAND: POST /session/d6561623076e888865c437bc0c8f3a1f/element - {"using":"xpath","value":"//div[@name=\"property type\"]/following::div[@aria-label=\"Location filter\"]/input[@placeholder=\"Enter location\"]"}
RESULT: {"using":"xpath","value":"//div[@name=\"property type\"]/following::div[@aria-label=\"Location filter\"]/input[@placeholder=\"Enter location\"]"}
COMMAND: POST /session/d6561623076e888865c437bc0c8f3a1f/element - {"using":"xpath","value":"//div[@name=\"property type\"]/following::div[@aria-label=\"Location filter\"]/input[@placeholder=\"Enter location\"]"}
RESULT: {"using":"xpath","value":"//div[@name=\"property type\"]/following::div[@aria-label=\"Location filter\"]/input[@placeholder=\"Enter location\"]"}
COMMAND: POST /session/d6561623076e888865c437bc0c8f3a1f/element - {"using":"xpath","value":"//div[@name=\"property type\"]/following::div[@aria-label=\"Location filter\"]/input[@placeholder=\"Enter location\"]"}
RESULT: {"using":"xpath","value":"//div[@name=\"property type\"]/following::div[@aria-label=\"Location filter\"]/input[@placeholder=\"Enter location\"]"}
COMMAND: DELETE /session/d6561623076e888865c437bc0c8f3a1f - {}
RESULT: {}
]]></system-out>
      <system-err><![CDATA[
Error: element ("//div[@name="property type"]/following::div[@aria-label="Location filter"]/input[@placeholder="Enter location"]") still not clickable after 10000ms
    at process.processTicksAndRejections (node:internal/process/task_queues:95:5)
    at async TruValue.SelectAgencyField (file:///C:/Users/ahsham.khan/Desktop/WebDriver/bayutFunctionals/test/pageobjects/truValue.page.js:122:9)
    at async Context.<anonymous> (file:///C:/Users/ahsham.khan/Desktop/WebDriver/bayutFunctionals/test/specs/truValue.specs.js:21:9)
]]></system-err>
    </testcase>
  </testsuite>
</testsuites>