<?xml version="1.0" encoding="UTF-8"?>
<testsuites tests="18" failures="10" errors="0" skipped="0">
  <testsuite name="Footer Sector" timestamp="2024-07-04T16:47:40" time="267.768" tests="18" failures="10" errors="0" skipped="0">
    <properties>
      <property name="specId" value="0"/>
      <property name="suiteName" value="Footer Sector"/>
      <property name="capabilities" value="chrome.126_0_6478_127.windows"/>
      <property name="file" value="file:///C:/Users/ahsham.khan/Desktop/WebDriver/bayutFunctionals/test/specs/footersection.js"/>
    </properties>
    <testcase classname="chrome.126_0_6478_127.windows.Footer_Sector" name="Verfiy Redirection of About Us Section" time="16.128">
      <system-out><![CDATA[
COMMAND: POST /session/eba308c0d00d228f9e213667bc7850a9/window/maximize - {}
COMMAND: DELETE /session/eba308c0d00d228f9e213667bc7850a9/cookie - {}
COMMAND: POST /session/eba308c0d00d228f9e213667bc7850a9/element - {"using":"xpath","value":"//a[@aria-label=\"About us\"]"}
COMMAND: POST /session/eba308c0d00d228f9e213667bc7850a9/url - {"url":"https://sl:getin1@bayut-e2e-development.dubizzle.dev/"}
RESULT: {}
RESULT: {}
RESULT: {"using":"xpath","value":"//a[@aria-label=\"About us\"]"}
COMMAND: POST /session/eba308c0d00d228f9e213667bc7850a9/element - {"using":"xpath","value":"//a[@aria-label=\"About us\"]"}
RESULT: {"url":"https://sl:getin1@bayut-e2e-development.dubizzle.dev/"}
RESULT: {"using":"xpath","value":"//a[@aria-label=\"About us\"]"}
COMMAND: POST /session/eba308c0d00d228f9e213667bc7850a9/execute/sync - {"script":"return (function isElementDisplayed(element) {\n    function nodeIsElement(node) {\n        if (!node) {\n            return false;\n        }\n        switch (node.nodeType) {\n            case Node.ELEMEN ... (7807 more bytes)","args":[{"element-6066-11e4-a52e-4f735466cecf":"f.5561A754051A4142BBB351186E1609A5.d.162A5F20EAD0EDC755E4BE1953D9E984.e.44","ELEMENT":"f.5561A754051A4142BBB351186E1609A5.d.162A5F20EAD0EDC755E4BE1953D9E984.e.44"}]}
RESULT: {"script":"return (function isElementDisplayed(element) {\n    function nodeIsElement(node) {\n        if (!node) {\n            return false;\n        }\n        switch (node.nodeType) {\n            case Node.ELEMEN ... (7807 more bytes)","args":[{"element-6066-11e4-a52e-4f735466cecf":"f.5561A754051A4142BBB351186E1609A5.d.162A5F20EAD0EDC755E4BE1953D9E984.e.44","ELEMENT":"f.5561A754051A4142BBB351186E1609A5.d.162A5F20EAD0EDC755E4BE1953D9E984.e.44"}]}
COMMAND: POST /session/eba308c0d00d228f9e213667bc7850a9/element - {"using":"xpath","value":"//a[@aria-label=\"About us\"]"}
RESULT: {"using":"xpath","value":"//a[@aria-label=\"About us\"]"}
COMMAND: POST /session/eba308c0d00d228f9e213667bc7850a9/element/f.5561A754051A4142BBB351186E1609A5.d.162A5F20EAD0EDC755E4BE1953D9E984.e.44/click - {}
RESULT: {}
COMMAND: GET /session/eba308c0d00d228f9e213667bc7850a9/url - {}
COMMAND: POST /session/eba308c0d00d228f9e213667bc7850a9/execute/sync - {"script":"return (() => document.readyState === 'complete').apply(null, arguments)","args":[]}
RESULT: {}
COMMAND: GET /session/eba308c0d00d228f9e213667bc7850a9/title - {}
RESULT: {"script":"return (() => document.readyState === 'complete').apply(null, arguments)","args":[]}
RESULT: {}
]]></system-out>
    </testcase>
    <testcase classname="chrome.126_0_6478_127.windows.Footer_Sector" name="Verfiy Redirection of Careers Section" time="25.891">
      <system-out><![CDATA[
COMMAND: POST /session/eba308c0d00d228f9e213667bc7850a9/window/maximize - {}
COMMAND: DELETE /session/eba308c0d00d228f9e213667bc7850a9/cookie - {}
COMMAND: POST /session/eba308c0d00d228f9e213667bc7850a9/element - {"using":"xpath","value":"//a[@aria-label=\"Careers\"]"}
COMMAND: POST /session/eba308c0d00d228f9e213667bc7850a9/url - {"url":"https://sl:getin1@bayut-e2e-development.dubizzle.dev/"}
RESULT: {}
RESULT: {}
RESULT: {"using":"xpath","value":"//a[@aria-label=\"Careers\"]"}
COMMAND: POST /session/eba308c0d00d228f9e213667bc7850a9/element - {"using":"xpath","value":"//a[@aria-label=\"Careers\"]"}
RESULT: {"url":"https://sl:getin1@bayut-e2e-development.dubizzle.dev/"}
RESULT: {"using":"xpath","value":"//a[@aria-label=\"Careers\"]"}
COMMAND: POST /session/eba308c0d00d228f9e213667bc7850a9/execute/sync - {"script":"return (function isElementDisplayed(element) {\n    function nodeIsElement(node) {\n        if (!node) {\n            return false;\n        }\n        switch (node.nodeType) {\n            case Node.ELEMEN ... (7807 more bytes)","args":[{"element-6066-11e4-a52e-4f735466cecf":"f.5561A754051A4142BBB351186E1609A5.d.BE2FF1863B2ADBF1FEE32C95DD9A9461.e.76","ELEMENT":"f.5561A754051A4142BBB351186E1609A5.d.BE2FF1863B2ADBF1FEE32C95DD9A9461.e.76"}]}
RESULT: {"script":"return (function isElementDisplayed(element) {\n    function nodeIsElement(node) {\n        if (!node) {\n            return false;\n        }\n        switch (node.nodeType) {\n            case Node.ELEMEN ... (7807 more bytes)","args":[{"element-6066-11e4-a52e-4f735466cecf":"f.5561A754051A4142BBB351186E1609A5.d.BE2FF1863B2ADBF1FEE32C95DD9A9461.e.76","ELEMENT":"f.5561A754051A4142BBB351186E1609A5.d.BE2FF1863B2ADBF1FEE32C95DD9A9461.e.76"}]}
COMMAND: POST /session/eba308c0d00d228f9e213667bc7850a9/element - {"using":"xpath","value":"//a[@aria-label=\"Careers\"]"}
RESULT: {"using":"xpath","value":"//a[@aria-label=\"Careers\"]"}
COMMAND: POST /session/eba308c0d00d228f9e213667bc7850a9/element/f.5561A754051A4142BBB351186E1609A5.d.BE2FF1863B2ADBF1FEE32C95DD9A9461.e.76/click - {}
RESULT: {}
COMMAND: GET /session/eba308c0d00d228f9e213667bc7850a9/url - {}
COMMAND: POST /session/eba308c0d00d228f9e213667bc7850a9/execute/sync - {"script":"return (() => document.readyState === 'complete').apply(null, arguments)","args":[]}
RESULT: {}
COMMAND: POST /session/eba308c0d00d228f9e213667bc7850a9/window/maximize - {}
COMMAND: DELETE /session/eba308c0d00d228f9e213667bc7850a9/cookie - {}
COMMAND: POST /session/eba308c0d00d228f9e213667bc7850a9/element - {"using":"xpath","value":"//a[@aria-label=\"Careers\"]"}
COMMAND: POST /session/eba308c0d00d228f9e213667bc7850a9/url - {"url":"https://www.bayut.com/"}
RESULT: {"script":"return (() => document.readyState === 'complete').apply(null, arguments)","args":[]}
RESULT: {}
RESULT: {}
RESULT: {"using":"xpath","value":"//a[@aria-label=\"Careers\"]"}
COMMAND: POST /session/eba308c0d00d228f9e213667bc7850a9/element - {"using":"xpath","value":"//a[@aria-label=\"Careers\"]"}
RESULT: {"url":"https://www.bayut.com/"}
RESULT: {"using":"xpath","value":"//a[@aria-label=\"Careers\"]"}
COMMAND: POST /session/eba308c0d00d228f9e213667bc7850a9/execute/sync - {"script":"return (function isElementDisplayed(element) {\n    function nodeIsElement(node) {\n        if (!node) {\n            return false;\n        }\n        switch (node.nodeType) {\n            case Node.ELEMEN ... (7807 more bytes)","args":[{"element-6066-11e4-a52e-4f735466cecf":"f.5561A754051A4142BBB351186E1609A5.d.33A34F34112F2C4D1C86F1EAF6150F6E.e.60","ELEMENT":"f.5561A754051A4142BBB351186E1609A5.d.33A34F34112F2C4D1C86F1EAF6150F6E.e.60"}]}
RESULT: {"script":"return (function isElementDisplayed(element) {\n    function nodeIsElement(node) {\n        if (!node) {\n            return false;\n        }\n        switch (node.nodeType) {\n            case Node.ELEMEN ... (7807 more bytes)","args":[{"element-6066-11e4-a52e-4f735466cecf":"f.5561A754051A4142BBB351186E1609A5.d.33A34F34112F2C4D1C86F1EAF6150F6E.e.60","ELEMENT":"f.5561A754051A4142BBB351186E1609A5.d.33A34F34112F2C4D1C86F1EAF6150F6E.e.60"}]}
COMMAND: POST /session/eba308c0d00d228f9e213667bc7850a9/element - {"using":"xpath","value":"//a[@aria-label=\"Careers\"]"}
RESULT: {"using":"xpath","value":"//a[@aria-label=\"Careers\"]"}
COMMAND: POST /session/eba308c0d00d228f9e213667bc7850a9/element/f.5561A754051A4142BBB351186E1609A5.d.33A34F34112F2C4D1C86F1EAF6150F6E.e.60/click - {}
RESULT: {}
COMMAND: GET /session/eba308c0d00d228f9e213667bc7850a9/url - {}
COMMAND: POST /session/eba308c0d00d228f9e213667bc7850a9/execute/sync - {"script":"return (() => document.readyState === 'complete').apply(null, arguments)","args":[]}
RESULT: {}
]]></system-out>
    </testcase>
    <testcase classname="chrome.126_0_6478_127.windows.Footer_Sector" name="Verfiy Redirection of Contact Us Section" time="6.339">
      <system-out><![CDATA[
COMMAND: POST /session/eba308c0d00d228f9e213667bc7850a9/window/maximize - {}
COMMAND: DELETE /session/eba308c0d00d228f9e213667bc7850a9/cookie - {}
COMMAND: POST /session/eba308c0d00d228f9e213667bc7850a9/element - {"using":"xpath","value":"//a[@aria-label=\"Contact us\"]"}
COMMAND: POST /session/eba308c0d00d228f9e213667bc7850a9/url - {"url":"https://sl:getin1@bayut-e2e-development.dubizzle.dev/"}
RESULT: {"script":"return (() => document.readyState === 'complete').apply(null, arguments)","args":[]}
RESULT: {}
RESULT: {}
RESULT: {"using":"xpath","value":"//a[@aria-label=\"Contact us\"]"}
COMMAND: POST /session/eba308c0d00d228f9e213667bc7850a9/element - {"using":"xpath","value":"//a[@aria-label=\"Contact us\"]"}
RESULT: {"url":"https://sl:getin1@bayut-e2e-development.dubizzle.dev/"}
RESULT: {"using":"xpath","value":"//a[@aria-label=\"Contact us\"]"}
COMMAND: POST /session/eba308c0d00d228f9e213667bc7850a9/execute/sync - {"script":"return (function isElementDisplayed(element) {\n    function nodeIsElement(node) {\n        if (!node) {\n            return false;\n        }\n        switch (node.nodeType) {\n            case Node.ELEMEN ... (7807 more bytes)","args":[{"element-6066-11e4-a52e-4f735466cecf":"f.5561A754051A4142BBB351186E1609A5.d.0E2BF62AD804DF792D3FA92B8F7BF721.e.57","ELEMENT":"f.5561A754051A4142BBB351186E1609A5.d.0E2BF62AD804DF792D3FA92B8F7BF721.e.57"}]}
RESULT: {"script":"return (function isElementDisplayed(element) {\n    function nodeIsElement(node) {\n        if (!node) {\n            return false;\n        }\n        switch (node.nodeType) {\n            case Node.ELEMEN ... (7807 more bytes)","args":[{"element-6066-11e4-a52e-4f735466cecf":"f.5561A754051A4142BBB351186E1609A5.d.0E2BF62AD804DF792D3FA92B8F7BF721.e.57","ELEMENT":"f.5561A754051A4142BBB351186E1609A5.d.0E2BF62AD804DF792D3FA92B8F7BF721.e.57"}]}
COMMAND: POST /session/eba308c0d00d228f9e213667bc7850a9/element - {"using":"xpath","value":"//a[@aria-label=\"Contact us\"]"}
RESULT: {"using":"xpath","value":"//a[@aria-label=\"Contact us\"]"}
COMMAND: POST /session/eba308c0d00d228f9e213667bc7850a9/element/f.5561A754051A4142BBB351186E1609A5.d.0E2BF62AD804DF792D3FA92B8F7BF721.e.57/click - {}
RESULT: {}
COMMAND: GET /session/eba308c0d00d228f9e213667bc7850a9/url - {}
COMMAND: POST /session/eba308c0d00d228f9e213667bc7850a9/execute/sync - {"script":"return (() => document.readyState === 'complete').apply(null, arguments)","args":[]}
RESULT: {}
]]></system-out>
    </testcase>
    <testcase classname="chrome.126_0_6478_127.windows.Footer_Sector" name="Verfiy Redirection of Terms Privacy Section" time="3.692">
      <system-out><![CDATA[
COMMAND: POST /session/eba308c0d00d228f9e213667bc7850a9/window/maximize - {}
COMMAND: DELETE /session/eba308c0d00d228f9e213667bc7850a9/cookie - {}
COMMAND: POST /session/eba308c0d00d228f9e213667bc7850a9/element - {"using":"xpath","value":"//a[@aria-label=\"Terms and privacy policy\"]"}
COMMAND: POST /session/eba308c0d00d228f9e213667bc7850a9/url - {"url":"https://sl:getin1@bayut-e2e-development.dubizzle.dev/"}
RESULT: {"script":"return (() => document.readyState === 'complete').apply(null, arguments)","args":[]}
RESULT: {}
RESULT: {}
RESULT: {"using":"xpath","value":"//a[@aria-label=\"Terms and privacy policy\"]"}
COMMAND: POST /session/eba308c0d00d228f9e213667bc7850a9/element - {"using":"xpath","value":"//a[@aria-label=\"Terms and privacy policy\"]"}
RESULT: {"url":"https://sl:getin1@bayut-e2e-development.dubizzle.dev/"}
RESULT: {"using":"xpath","value":"//a[@aria-label=\"Terms and privacy policy\"]"}
COMMAND: POST /session/eba308c0d00d228f9e213667bc7850a9/execute/sync - {"script":"return (function isElementDisplayed(element) {\n    function nodeIsElement(node) {\n        if (!node) {\n            return false;\n        }\n        switch (node.nodeType) {\n            case Node.ELEMEN ... (7807 more bytes)","args":[{"element-6066-11e4-a52e-4f735466cecf":"f.5561A754051A4142BBB351186E1609A5.d.FA88BFA315AADDF0D935FB7409CFA4CE.e.99","ELEMENT":"f.5561A754051A4142BBB351186E1609A5.d.FA88BFA315AADDF0D935FB7409CFA4CE.e.99"}]}
RESULT: {"script":"return (function isElementDisplayed(element) {\n    function nodeIsElement(node) {\n        if (!node) {\n            return false;\n        }\n        switch (node.nodeType) {\n            case Node.ELEMEN ... (7807 more bytes)","args":[{"element-6066-11e4-a52e-4f735466cecf":"f.5561A754051A4142BBB351186E1609A5.d.FA88BFA315AADDF0D935FB7409CFA4CE.e.99","ELEMENT":"f.5561A754051A4142BBB351186E1609A5.d.FA88BFA315AADDF0D935FB7409CFA4CE.e.99"}]}
COMMAND: POST /session/eba308c0d00d228f9e213667bc7850a9/element - {"using":"xpath","value":"//a[@aria-label=\"Terms and privacy policy\"]"}
RESULT: {"using":"xpath","value":"//a[@aria-label=\"Terms and privacy policy\"]"}
COMMAND: POST /session/eba308c0d00d228f9e213667bc7850a9/element/f.5561A754051A4142BBB351186E1609A5.d.FA88BFA315AADDF0D935FB7409CFA4CE.e.99/click - {}
RESULT: {}
COMMAND: GET /session/eba308c0d00d228f9e213667bc7850a9/url - {}
COMMAND: POST /session/eba308c0d00d228f9e213667bc7850a9/execute/sync - {"script":"return (() => document.readyState === 'complete').apply(null, arguments)","args":[]}
RESULT: {}
]]></system-out>
    </testcase>
    <testcase classname="chrome.126_0_6478_127.windows.Footer_Sector" name="Verfiy Redirection of Facebook" time="15.111">
      <system-out><![CDATA[
COMMAND: POST /session/eba308c0d00d228f9e213667bc7850a9/window/maximize - {}
COMMAND: DELETE /session/eba308c0d00d228f9e213667bc7850a9/cookie - {}
COMMAND: POST /session/eba308c0d00d228f9e213667bc7850a9/element - {"using":"xpath","value":"//a[@aria-label=\"Follow us on facebook\"]"}
COMMAND: POST /session/eba308c0d00d228f9e213667bc7850a9/url - {"url":"https://sl:getin1@bayut-e2e-development.dubizzle.dev/"}
RESULT: {"script":"return (() => document.readyState === 'complete').apply(null, arguments)","args":[]}
RESULT: {}
RESULT: {}
RESULT: {"using":"xpath","value":"//a[@aria-label=\"Follow us on facebook\"]"}
COMMAND: POST /session/eba308c0d00d228f9e213667bc7850a9/element - {"using":"xpath","value":"//a[@aria-label=\"Follow us on facebook\"]"}
RESULT: {"url":"https://sl:getin1@bayut-e2e-development.dubizzle.dev/"}
RESULT: {"using":"xpath","value":"//a[@aria-label=\"Follow us on facebook\"]"}
COMMAND: POST /session/eba308c0d00d228f9e213667bc7850a9/execute/sync - {"script":"return (function isElementDisplayed(element) {\n    function nodeIsElement(node) {\n        if (!node) {\n            return false;\n        }\n        switch (node.nodeType) {\n            case Node.ELEMEN ... (7807 more bytes)","args":[{"element-6066-11e4-a52e-4f735466cecf":"f.5561A754051A4142BBB351186E1609A5.d.E7D4A10EBC19177D33D367516CCCA564.e.122","ELEMENT":"f.5561A754051A4142BBB351186E1609A5.d.E7D4A10EBC19177D33D367516CCCA564.e.122"}]}
RESULT: {"script":"return (function isElementDisplayed(element) {\n    function nodeIsElement(node) {\n        if (!node) {\n            return false;\n        }\n        switch (node.nodeType) {\n            case Node.ELEMEN ... (7807 more bytes)","args":[{"element-6066-11e4-a52e-4f735466cecf":"f.5561A754051A4142BBB351186E1609A5.d.E7D4A10EBC19177D33D367516CCCA564.e.122","ELEMENT":"f.5561A754051A4142BBB351186E1609A5.d.E7D4A10EBC19177D33D367516CCCA564.e.122"}]}
COMMAND: POST /session/eba308c0d00d228f9e213667bc7850a9/element - {"using":"xpath","value":"//a[@aria-label=\"Follow us on facebook\"]"}
RESULT: {"using":"xpath","value":"//a[@aria-label=\"Follow us on facebook\"]"}
COMMAND: POST /session/eba308c0d00d228f9e213667bc7850a9/element/f.5561A754051A4142BBB351186E1609A5.d.E7D4A10EBC19177D33D367516CCCA564.e.122/click - {}
RESULT: {}
COMMAND: GET /session/eba308c0d00d228f9e213667bc7850a9/url - {}
COMMAND: POST /session/eba308c0d00d228f9e213667bc7850a9/execute/sync - {"script":"return (() => document.readyState === 'complete').apply(null, arguments)","args":[]}
RESULT: {}
COMMAND: POST /session/eba308c0d00d228f9e213667bc7850a9/window/maximize - {}
COMMAND: DELETE /session/eba308c0d00d228f9e213667bc7850a9/cookie - {}
COMMAND: POST /session/eba308c0d00d228f9e213667bc7850a9/element - {"using":"xpath","value":"//a[@aria-label=\"Follow us on facebook\"]"}
COMMAND: POST /session/eba308c0d00d228f9e213667bc7850a9/url - {"url":"https://www.bayut.com/"}
RESULT: {"script":"return (() => document.readyState === 'complete').apply(null, arguments)","args":[]}
RESULT: {}
RESULT: {}
RESULT: {"using":"xpath","value":"//a[@aria-label=\"Follow us on facebook\"]"}
COMMAND: POST /session/eba308c0d00d228f9e213667bc7850a9/element - {"using":"xpath","value":"//a[@aria-label=\"Follow us on facebook\"]"}
RESULT: {"url":"https://www.bayut.com/"}
RESULT: {"using":"xpath","value":"//a[@aria-label=\"Follow us on facebook\"]"}
COMMAND: POST /session/eba308c0d00d228f9e213667bc7850a9/execute/sync - {"script":"return (function isElementDisplayed(element) {\n    function nodeIsElement(node) {\n        if (!node) {\n            return false;\n        }\n        switch (node.nodeType) {\n            case Node.ELEMEN ... (7807 more bytes)","args":[{"element-6066-11e4-a52e-4f735466cecf":"f.5561A754051A4142BBB351186E1609A5.d.8FE6CBF021F5E7E636DD167AC0BD11B9.e.60","ELEMENT":"f.5561A754051A4142BBB351186E1609A5.d.8FE6CBF021F5E7E636DD167AC0BD11B9.e.60"}]}
RESULT: {"script":"return (function isElementDisplayed(element) {\n    function nodeIsElement(node) {\n        if (!node) {\n            return false;\n        }\n        switch (node.nodeType) {\n            case Node.ELEMEN ... (7807 more bytes)","args":[{"element-6066-11e4-a52e-4f735466cecf":"f.5561A754051A4142BBB351186E1609A5.d.8FE6CBF021F5E7E636DD167AC0BD11B9.e.60","ELEMENT":"f.5561A754051A4142BBB351186E1609A5.d.8FE6CBF021F5E7E636DD167AC0BD11B9.e.60"}]}
COMMAND: POST /session/eba308c0d00d228f9e213667bc7850a9/element - {"using":"xpath","value":"//a[@aria-label=\"Follow us on facebook\"]"}
RESULT: {"using":"xpath","value":"//a[@aria-label=\"Follow us on facebook\"]"}
COMMAND: POST /session/eba308c0d00d228f9e213667bc7850a9/element/f.5561A754051A4142BBB351186E1609A5.d.8FE6CBF021F5E7E636DD167AC0BD11B9.e.60/click - {}
RESULT: {}
COMMAND: GET /session/eba308c0d00d228f9e213667bc7850a9/url - {}
COMMAND: POST /session/eba308c0d00d228f9e213667bc7850a9/execute/sync - {"script":"return (() => document.readyState === 'complete').apply(null, arguments)","args":[]}
RESULT: {}
]]></system-out>
    </testcase>
    <testcase classname="chrome.126_0_6478_127.windows.Footer_Sector" name="Verfiy Redirection of Twitter" time="60.013">
      <failure message="Timeout of 60000ms exceeded. The execution in the test &quot;Footer Sector Verfiy Redirection of Twitter &quot; took too long. Try to reduce the run time or increase your timeout for test specs (https://webdriver.io/docs/timeouts). (C:\Users\ahsham.khan\Desktop\WebDriver\bayutFunctionals\test\specs\footersection.js)"/>
      <system-out><![CDATA[
COMMAND: POST /session/eba308c0d00d228f9e213667bc7850a9/window/maximize - {}
COMMAND: DELETE /session/eba308c0d00d228f9e213667bc7850a9/cookie - {}
COMMAND: POST /session/eba308c0d00d228f9e213667bc7850a9/element - {"using":"xpath","value":"//a[@aria-label=\"Follow us on twitter\"]"}
COMMAND: POST /session/eba308c0d00d228f9e213667bc7850a9/url - {"url":"https://sl:getin1@bayut-e2e-development.dubizzle.dev/"}
RESULT: {"script":"return (() => document.readyState === 'complete').apply(null, arguments)","args":[]}
RESULT: {}
RESULT: {}
RESULT: {"using":"xpath","value":"//a[@aria-label=\"Follow us on twitter\"]"}
COMMAND: POST /session/eba308c0d00d228f9e213667bc7850a9/element - {"using":"xpath","value":"//a[@aria-label=\"Follow us on twitter\"]"}
RESULT: {"url":"https://sl:getin1@bayut-e2e-development.dubizzle.dev/"}
RESULT: {"using":"xpath","value":"//a[@aria-label=\"Follow us on twitter\"]"}
COMMAND: POST /session/eba308c0d00d228f9e213667bc7850a9/execute/sync - {"script":"return (function isElementDisplayed(element) {\n    function nodeIsElement(node) {\n        if (!node) {\n            return false;\n        }\n        switch (node.nodeType) {\n            case Node.ELEMEN ... (7807 more bytes)","args":[{"element-6066-11e4-a52e-4f735466cecf":"f.5561A754051A4142BBB351186E1609A5.d.BB32A0465766AAC155E7C94AB99221B5.e.57","ELEMENT":"f.5561A754051A4142BBB351186E1609A5.d.BB32A0465766AAC155E7C94AB99221B5.e.57"}]}
RESULT: {"script":"return (function isElementDisplayed(element) {\n    function nodeIsElement(node) {\n        if (!node) {\n            return false;\n        }\n        switch (node.nodeType) {\n            case Node.ELEMEN ... (7807 more bytes)","args":[{"element-6066-11e4-a52e-4f735466cecf":"f.5561A754051A4142BBB351186E1609A5.d.BB32A0465766AAC155E7C94AB99221B5.e.57","ELEMENT":"f.5561A754051A4142BBB351186E1609A5.d.BB32A0465766AAC155E7C94AB99221B5.e.57"}]}
COMMAND: POST /session/eba308c0d00d228f9e213667bc7850a9/element - {"using":"xpath","value":"//a[@aria-label=\"Follow us on twitter\"]"}
RESULT: {"using":"xpath","value":"//a[@aria-label=\"Follow us on twitter\"]"}
COMMAND: POST /session/eba308c0d00d228f9e213667bc7850a9/element/f.5561A754051A4142BBB351186E1609A5.d.BB32A0465766AAC155E7C94AB99221B5.e.57/click - {}
RESULT: {}
COMMAND: GET /session/eba308c0d00d228f9e213667bc7850a9/url - {}
COMMAND: POST /session/eba308c0d00d228f9e213667bc7850a9/execute/sync - {"script":"return (() => document.readyState === 'complete').apply(null, arguments)","args":[]}
RESULT: {}
COMMAND: POST /session/eba308c0d00d228f9e213667bc7850a9/window/maximize - {}
COMMAND: DELETE /session/eba308c0d00d228f9e213667bc7850a9/cookie - {}
COMMAND: POST /session/eba308c0d00d228f9e213667bc7850a9/element - {"using":"xpath","value":"//a[@aria-label=\"Follow us on twitter\"]"}
COMMAND: POST /session/eba308c0d00d228f9e213667bc7850a9/url - {"url":"https://www.bayut.com/"}
RESULT: {"script":"return (() => document.readyState === 'complete').apply(null, arguments)","args":[]}
RESULT: {}
RESULT: {}
RESULT: {"using":"xpath","value":"//a[@aria-label=\"Follow us on twitter\"]"}
COMMAND: POST /session/eba308c0d00d228f9e213667bc7850a9/element - {"using":"xpath","value":"//a[@aria-label=\"Follow us on twitter\"]"}
RESULT: {"url":"https://www.bayut.com/"}
RESULT: {"using":"xpath","value":"//a[@aria-label=\"Follow us on twitter\"]"}
COMMAND: POST /session/eba308c0d00d228f9e213667bc7850a9/execute/sync - {"script":"return (function isElementDisplayed(element) {\n    function nodeIsElement(node) {\n        if (!node) {\n            return false;\n        }\n        switch (node.nodeType) {\n            case Node.ELEMEN ... (7807 more bytes)","args":[{"element-6066-11e4-a52e-4f735466cecf":"f.5561A754051A4142BBB351186E1609A5.d.FBFC90A1D5BC2EE24D1E6C32ED77361C.e.60","ELEMENT":"f.5561A754051A4142BBB351186E1609A5.d.FBFC90A1D5BC2EE24D1E6C32ED77361C.e.60"}]}
RESULT: {"script":"return (function isElementDisplayed(element) {\n    function nodeIsElement(node) {\n        if (!node) {\n            return false;\n        }\n        switch (node.nodeType) {\n            case Node.ELEMEN ... (7807 more bytes)","args":[{"element-6066-11e4-a52e-4f735466cecf":"f.5561A754051A4142BBB351186E1609A5.d.FBFC90A1D5BC2EE24D1E6C32ED77361C.e.60","ELEMENT":"f.5561A754051A4142BBB351186E1609A5.d.FBFC90A1D5BC2EE24D1E6C32ED77361C.e.60"}]}
COMMAND: POST /session/eba308c0d00d228f9e213667bc7850a9/element - {"using":"xpath","value":"//a[@aria-label=\"Follow us on twitter\"]"}
RESULT: {"using":"xpath","value":"//a[@aria-label=\"Follow us on twitter\"]"}
COMMAND: POST /session/eba308c0d00d228f9e213667bc7850a9/element/f.5561A754051A4142BBB351186E1609A5.d.FBFC90A1D5BC2EE24D1E6C32ED77361C.e.60/click - {}
]]></system-out>
      <system-err><![CDATA[
Error: Timeout of 60000ms exceeded. The execution in the test "Footer Sector Verfiy Redirection of Twitter " took too long. Try to reduce the run time or increase your timeout for test specs (https://webdriver.io/docs/timeouts). (C:\Users\ahsham.khan\Desktop\WebDriver\bayutFunctionals\test\specs\footersection.js)
    at createTimeoutError (C:\Users\ahsham.khan\node_modules\mocha\lib\errors.js:498:15)
    at Runnable._timeoutError (C:\Users\ahsham.khan\node_modules\mocha\lib\runnable.js:431:10)
    at Timeout.<anonymous> (C:\Users\ahsham.khan\node_modules\mocha\lib\runnable.js:246:24)
    at listOnTimeout (node:internal/timers:569:17)
    at process.processTimers (node:internal/timers:512:7)
]]></system-err>
    </testcase>
    <testcase classname="chrome.126_0_6478_127.windows.Footer_Sector" name="Verfiy Redirection of LinkedIn" time="46.615">
      <system-out><![CDATA[
COMMAND: POST /session/eba308c0d00d228f9e213667bc7850a9/window/maximize - {}
COMMAND: DELETE /session/eba308c0d00d228f9e213667bc7850a9/cookie - {}
COMMAND: POST /session/eba308c0d00d228f9e213667bc7850a9/element - {"using":"xpath","value":"//a[@aria-label=\"Follow us on linkedin\"]"}
COMMAND: POST /session/eba308c0d00d228f9e213667bc7850a9/url - {"url":"https://sl:getin1@bayut-e2e-development.dubizzle.dev/"}
RESULT: {}
COMMAND: GET /session/eba308c0d00d228f9e213667bc7850a9/url - {}
COMMAND: POST /session/eba308c0d00d228f9e213667bc7850a9/execute/sync - {"script":"return (() => document.readyState === 'complete').apply(null, arguments)","args":[]}
RESULT: {}
RESULT: {}
RESULT: {"using":"xpath","value":"//a[@aria-label=\"Follow us on linkedin\"]"}
COMMAND: POST /session/eba308c0d00d228f9e213667bc7850a9/element - {"using":"xpath","value":"//a[@aria-label=\"Follow us on linkedin\"]"}
RESULT: {"url":"https://sl:getin1@bayut-e2e-development.dubizzle.dev/"}
RESULT: {}
RESULT: {"script":"return (() => document.readyState === 'complete').apply(null, arguments)","args":[]}
RESULT: {"using":"xpath","value":"//a[@aria-label=\"Follow us on linkedin\"]"}
COMMAND: POST /session/eba308c0d00d228f9e213667bc7850a9/execute/sync - {"script":"return (function isElementDisplayed(element) {\n    function nodeIsElement(node) {\n        if (!node) {\n            return false;\n        }\n        switch (node.nodeType) {\n            case Node.ELEMEN ... (7807 more bytes)","args":[{"element-6066-11e4-a52e-4f735466cecf":"f.5561A754051A4142BBB351186E1609A5.d.1F54AE31BC0D2E03F23937BF4202996C.e.57","ELEMENT":"f.5561A754051A4142BBB351186E1609A5.d.1F54AE31BC0D2E03F23937BF4202996C.e.57"}]}
RESULT: {"script":"return (function isElementDisplayed(element) {\n    function nodeIsElement(node) {\n        if (!node) {\n            return false;\n        }\n        switch (node.nodeType) {\n            case Node.ELEMEN ... (7807 more bytes)","args":[{"element-6066-11e4-a52e-4f735466cecf":"f.5561A754051A4142BBB351186E1609A5.d.1F54AE31BC0D2E03F23937BF4202996C.e.57","ELEMENT":"f.5561A754051A4142BBB351186E1609A5.d.1F54AE31BC0D2E03F23937BF4202996C.e.57"}]}
COMMAND: POST /session/eba308c0d00d228f9e213667bc7850a9/element - {"using":"xpath","value":"//a[@aria-label=\"Follow us on linkedin\"]"}
RESULT: {"using":"xpath","value":"//a[@aria-label=\"Follow us on linkedin\"]"}
COMMAND: POST /session/eba308c0d00d228f9e213667bc7850a9/element/f.5561A754051A4142BBB351186E1609A5.d.1F54AE31BC0D2E03F23937BF4202996C.e.57/click - {}
RESULT: {}
COMMAND: GET /session/eba308c0d00d228f9e213667bc7850a9/url - {}
COMMAND: POST /session/eba308c0d00d228f9e213667bc7850a9/execute/sync - {"script":"return (() => document.readyState === 'complete').apply(null, arguments)","args":[]}
RESULT: {}
COMMAND: POST /session/eba308c0d00d228f9e213667bc7850a9/window/maximize - {}
COMMAND: DELETE /session/eba308c0d00d228f9e213667bc7850a9/cookie - {}
COMMAND: POST /session/eba308c0d00d228f9e213667bc7850a9/element - {"using":"xpath","value":"//a[@aria-label=\"Follow us on linkedin\"]"}
COMMAND: POST /session/eba308c0d00d228f9e213667bc7850a9/url - {"url":"https://www.bayut.com/"}
RESULT: {"script":"return (() => document.readyState === 'complete').apply(null, arguments)","args":[]}
RESULT: {}
RESULT: {}
RESULT: {"using":"xpath","value":"//a[@aria-label=\"Follow us on linkedin\"]"}
COMMAND: POST /session/eba308c0d00d228f9e213667bc7850a9/element - {"using":"xpath","value":"//a[@aria-label=\"Follow us on linkedin\"]"}
RESULT: {"url":"https://www.bayut.com/"}
RESULT: {"using":"xpath","value":"//a[@aria-label=\"Follow us on linkedin\"]"}
COMMAND: POST /session/eba308c0d00d228f9e213667bc7850a9/execute/sync - {"script":"return (function isElementDisplayed(element) {\n    function nodeIsElement(node) {\n        if (!node) {\n            return false;\n        }\n        switch (node.nodeType) {\n            case Node.ELEMEN ... (7807 more bytes)","args":[{"element-6066-11e4-a52e-4f735466cecf":"f.5561A754051A4142BBB351186E1609A5.d.AEF00835EE75AB6046D5F6762B48DBC4.e.60","ELEMENT":"f.5561A754051A4142BBB351186E1609A5.d.AEF00835EE75AB6046D5F6762B48DBC4.e.60"}]}
RESULT: {"script":"return (function isElementDisplayed(element) {\n    function nodeIsElement(node) {\n        if (!node) {\n            return false;\n        }\n        switch (node.nodeType) {\n            case Node.ELEMEN ... (7807 more bytes)","args":[{"element-6066-11e4-a52e-4f735466cecf":"f.5561A754051A4142BBB351186E1609A5.d.AEF00835EE75AB6046D5F6762B48DBC4.e.60","ELEMENT":"f.5561A754051A4142BBB351186E1609A5.d.AEF00835EE75AB6046D5F6762B48DBC4.e.60"}]}
COMMAND: POST /session/eba308c0d00d228f9e213667bc7850a9/element - {"using":"xpath","value":"//a[@aria-label=\"Follow us on linkedin\"]"}
RESULT: {"using":"xpath","value":"//a[@aria-label=\"Follow us on linkedin\"]"}
COMMAND: POST /session/eba308c0d00d228f9e213667bc7850a9/element/f.5561A754051A4142BBB351186E1609A5.d.AEF00835EE75AB6046D5F6762B48DBC4.e.60/click - {}
RESULT: {}
COMMAND: GET /session/eba308c0d00d228f9e213667bc7850a9/url - {}
COMMAND: POST /session/eba308c0d00d228f9e213667bc7850a9/execute/sync - {"script":"return (() => document.readyState === 'complete').apply(null, arguments)","args":[]}
RESULT: {}
]]></system-out>
    </testcase>
    <testcase classname="chrome.126_0_6478_127.windows.Footer_Sector" name="Verfiy Redirection of Intagram" time="13.126">
      <system-out><![CDATA[
COMMAND: POST /session/eba308c0d00d228f9e213667bc7850a9/window/maximize - {}
COMMAND: DELETE /session/eba308c0d00d228f9e213667bc7850a9/cookie - {}
COMMAND: POST /session/eba308c0d00d228f9e213667bc7850a9/element - {"using":"xpath","value":"//a[@aria-label=\"Follow us on instagram\"]"}
COMMAND: POST /session/eba308c0d00d228f9e213667bc7850a9/url - {"url":"https://sl:getin1@bayut-e2e-development.dubizzle.dev/"}
RESULT: {"script":"return (() => document.readyState === 'complete').apply(null, arguments)","args":[]}
RESULT: {}
RESULT: {}
RESULT: {"using":"xpath","value":"//a[@aria-label=\"Follow us on instagram\"]"}
COMMAND: POST /session/eba308c0d00d228f9e213667bc7850a9/element - {"using":"xpath","value":"//a[@aria-label=\"Follow us on instagram\"]"}
RESULT: {"url":"https://sl:getin1@bayut-e2e-development.dubizzle.dev/"}
RESULT: {"using":"xpath","value":"//a[@aria-label=\"Follow us on instagram\"]"}
COMMAND: POST /session/eba308c0d00d228f9e213667bc7850a9/execute/sync - {"script":"return (function isElementDisplayed(element) {\n    function nodeIsElement(node) {\n        if (!node) {\n            return false;\n        }\n        switch (node.nodeType) {\n            case Node.ELEMEN ... (7807 more bytes)","args":[{"element-6066-11e4-a52e-4f735466cecf":"f.5561A754051A4142BBB351186E1609A5.d.D7A9545B1386E394CA322A58BC44F61C.e.57","ELEMENT":"f.5561A754051A4142BBB351186E1609A5.d.D7A9545B1386E394CA322A58BC44F61C.e.57"}]}
RESULT: {"script":"return (function isElementDisplayed(element) {\n    function nodeIsElement(node) {\n        if (!node) {\n            return false;\n        }\n        switch (node.nodeType) {\n            case Node.ELEMEN ... (7807 more bytes)","args":[{"element-6066-11e4-a52e-4f735466cecf":"f.5561A754051A4142BBB351186E1609A5.d.D7A9545B1386E394CA322A58BC44F61C.e.57","ELEMENT":"f.5561A754051A4142BBB351186E1609A5.d.D7A9545B1386E394CA322A58BC44F61C.e.57"}]}
COMMAND: POST /session/eba308c0d00d228f9e213667bc7850a9/element - {"using":"xpath","value":"//a[@aria-label=\"Follow us on instagram\"]"}
RESULT: {"using":"xpath","value":"//a[@aria-label=\"Follow us on instagram\"]"}
COMMAND: POST /session/eba308c0d00d228f9e213667bc7850a9/element/f.5561A754051A4142BBB351186E1609A5.d.D7A9545B1386E394CA322A58BC44F61C.e.57/click - {}
RESULT: {}
COMMAND: GET /session/eba308c0d00d228f9e213667bc7850a9/url - {}
COMMAND: POST /session/eba308c0d00d228f9e213667bc7850a9/execute/sync - {"script":"return (() => document.readyState === 'complete').apply(null, arguments)","args":[]}
RESULT: {}
COMMAND: POST /session/eba308c0d00d228f9e213667bc7850a9/window/maximize - {}
COMMAND: DELETE /session/eba308c0d00d228f9e213667bc7850a9/cookie - {}
COMMAND: POST /session/eba308c0d00d228f9e213667bc7850a9/element - {"using":"xpath","value":"//a[@aria-label=\"Follow us on instagram\"]"}
COMMAND: POST /session/eba308c0d00d228f9e213667bc7850a9/url - {"url":"https://www.bayut.com/"}
RESULT: {"script":"return (() => document.readyState === 'complete').apply(null, arguments)","args":[]}
RESULT: {}
RESULT: {}
RESULT: {"using":"xpath","value":"//a[@aria-label=\"Follow us on instagram\"]"}
COMMAND: POST /session/eba308c0d00d228f9e213667bc7850a9/element - {"using":"xpath","value":"//a[@aria-label=\"Follow us on instagram\"]"}
RESULT: {"url":"https://www.bayut.com/"}
RESULT: {"using":"xpath","value":"//a[@aria-label=\"Follow us on instagram\"]"}
COMMAND: POST /session/eba308c0d00d228f9e213667bc7850a9/execute/sync - {"script":"return (function isElementDisplayed(element) {\n    function nodeIsElement(node) {\n        if (!node) {\n            return false;\n        }\n        switch (node.nodeType) {\n            case Node.ELEMEN ... (7807 more bytes)","args":[{"element-6066-11e4-a52e-4f735466cecf":"f.5561A754051A4142BBB351186E1609A5.d.928898A3135392EF128295CE9B0C461F.e.60","ELEMENT":"f.5561A754051A4142BBB351186E1609A5.d.928898A3135392EF128295CE9B0C461F.e.60"}]}
RESULT: {"script":"return (function isElementDisplayed(element) {\n    function nodeIsElement(node) {\n        if (!node) {\n            return false;\n        }\n        switch (node.nodeType) {\n            case Node.ELEMEN ... (7807 more bytes)","args":[{"element-6066-11e4-a52e-4f735466cecf":"f.5561A754051A4142BBB351186E1609A5.d.928898A3135392EF128295CE9B0C461F.e.60","ELEMENT":"f.5561A754051A4142BBB351186E1609A5.d.928898A3135392EF128295CE9B0C461F.e.60"}]}
COMMAND: POST /session/eba308c0d00d228f9e213667bc7850a9/element - {"using":"xpath","value":"//a[@aria-label=\"Follow us on instagram\"]"}
RESULT: {"using":"xpath","value":"//a[@aria-label=\"Follow us on instagram\"]"}
COMMAND: POST /session/eba308c0d00d228f9e213667bc7850a9/element/f.5561A754051A4142BBB351186E1609A5.d.928898A3135392EF128295CE9B0C461F.e.60/click - {}
RESULT: {}
COMMAND: GET /session/eba308c0d00d228f9e213667bc7850a9/url - {}
COMMAND: POST /session/eba308c0d00d228f9e213667bc7850a9/execute/sync - {"script":"return (() => document.readyState === 'complete').apply(null, arguments)","args":[]}
RESULT: {}
]]></system-out>
    </testcase>
    <testcase classname="chrome.126_0_6478_127.windows.Footer_Sector" name="Verfiy Redirection of YouTube" time="23.508">
      <system-out><![CDATA[
COMMAND: POST /session/eba308c0d00d228f9e213667bc7850a9/window/maximize - {}
COMMAND: DELETE /session/eba308c0d00d228f9e213667bc7850a9/cookie - {}
COMMAND: POST /session/eba308c0d00d228f9e213667bc7850a9/element - {"using":"xpath","value":"//a[@aria-label=\"Follow us on youtube\"]"}
COMMAND: POST /session/eba308c0d00d228f9e213667bc7850a9/url - {"url":"https://sl:getin1@bayut-e2e-development.dubizzle.dev/"}
RESULT: {"script":"return (() => document.readyState === 'complete').apply(null, arguments)","args":[]}
RESULT: {}
RESULT: {}
RESULT: {"using":"xpath","value":"//a[@aria-label=\"Follow us on youtube\"]"}
COMMAND: POST /session/eba308c0d00d228f9e213667bc7850a9/element - {"using":"xpath","value":"//a[@aria-label=\"Follow us on youtube\"]"}
RESULT: {"url":"https://sl:getin1@bayut-e2e-development.dubizzle.dev/"}
RESULT: {"using":"xpath","value":"//a[@aria-label=\"Follow us on youtube\"]"}
COMMAND: POST /session/eba308c0d00d228f9e213667bc7850a9/execute/sync - {"script":"return (function isElementDisplayed(element) {\n    function nodeIsElement(node) {\n        if (!node) {\n            return false;\n        }\n        switch (node.nodeType) {\n            case Node.ELEMEN ... (7807 more bytes)","args":[{"element-6066-11e4-a52e-4f735466cecf":"f.5561A754051A4142BBB351186E1609A5.d.011F034B7D7BC6F6D2665121297AE653.e.57","ELEMENT":"f.5561A754051A4142BBB351186E1609A5.d.011F034B7D7BC6F6D2665121297AE653.e.57"}]}
RESULT: {"script":"return (function isElementDisplayed(element) {\n    function nodeIsElement(node) {\n        if (!node) {\n            return false;\n        }\n        switch (node.nodeType) {\n            case Node.ELEMEN ... (7807 more bytes)","args":[{"element-6066-11e4-a52e-4f735466cecf":"f.5561A754051A4142BBB351186E1609A5.d.011F034B7D7BC6F6D2665121297AE653.e.57","ELEMENT":"f.5561A754051A4142BBB351186E1609A5.d.011F034B7D7BC6F6D2665121297AE653.e.57"}]}
COMMAND: POST /session/eba308c0d00d228f9e213667bc7850a9/element - {"using":"xpath","value":"//a[@aria-label=\"Follow us on youtube\"]"}
RESULT: {"using":"xpath","value":"//a[@aria-label=\"Follow us on youtube\"]"}
COMMAND: POST /session/eba308c0d00d228f9e213667bc7850a9/element/f.5561A754051A4142BBB351186E1609A5.d.011F034B7D7BC6F6D2665121297AE653.e.57/click - {}
RESULT: {}
COMMAND: GET /session/eba308c0d00d228f9e213667bc7850a9/url - {}
COMMAND: POST /session/eba308c0d00d228f9e213667bc7850a9/execute/sync - {"script":"return (() => document.readyState === 'complete').apply(null, arguments)","args":[]}
RESULT: {}
COMMAND: POST /session/eba308c0d00d228f9e213667bc7850a9/window/maximize - {}
COMMAND: DELETE /session/eba308c0d00d228f9e213667bc7850a9/cookie - {}
COMMAND: POST /session/eba308c0d00d228f9e213667bc7850a9/element - {"using":"xpath","value":"//a[@aria-label=\"Follow us on youtube\"]"}
COMMAND: POST /session/eba308c0d00d228f9e213667bc7850a9/url - {"url":"https://www.bayut.com/"}
RESULT: {"script":"return (() => document.readyState === 'complete').apply(null, arguments)","args":[]}
RESULT: {}
RESULT: {}
RESULT: {"using":"xpath","value":"//a[@aria-label=\"Follow us on youtube\"]"}
COMMAND: POST /session/eba308c0d00d228f9e213667bc7850a9/element - {"using":"xpath","value":"//a[@aria-label=\"Follow us on youtube\"]"}
RESULT: {"url":"https://www.bayut.com/"}
RESULT: {"using":"xpath","value":"//a[@aria-label=\"Follow us on youtube\"]"}
COMMAND: POST /session/eba308c0d00d228f9e213667bc7850a9/execute/sync - {"script":"return (function isElementDisplayed(element) {\n    function nodeIsElement(node) {\n        if (!node) {\n            return false;\n        }\n        switch (node.nodeType) {\n            case Node.ELEMEN ... (7807 more bytes)","args":[{"element-6066-11e4-a52e-4f735466cecf":"f.5561A754051A4142BBB351186E1609A5.d.4D224B38DCA8CFA76B79EAB516D47EB3.e.60","ELEMENT":"f.5561A754051A4142BBB351186E1609A5.d.4D224B38DCA8CFA76B79EAB516D47EB3.e.60"}]}
RESULT: {"script":"return (function isElementDisplayed(element) {\n    function nodeIsElement(node) {\n        if (!node) {\n            return false;\n        }\n        switch (node.nodeType) {\n            case Node.ELEMEN ... (7807 more bytes)","args":[{"element-6066-11e4-a52e-4f735466cecf":"f.5561A754051A4142BBB351186E1609A5.d.4D224B38DCA8CFA76B79EAB516D47EB3.e.60","ELEMENT":"f.5561A754051A4142BBB351186E1609A5.d.4D224B38DCA8CFA76B79EAB516D47EB3.e.60"}]}
COMMAND: POST /session/eba308c0d00d228f9e213667bc7850a9/element - {"using":"xpath","value":"//a[@aria-label=\"Follow us on youtube\"]"}
RESULT: {"using":"xpath","value":"//a[@aria-label=\"Follow us on youtube\"]"}
COMMAND: POST /session/eba308c0d00d228f9e213667bc7850a9/element/f.5561A754051A4142BBB351186E1609A5.d.4D224B38DCA8CFA76B79EAB516D47EB3.e.60/click - {}
RESULT: {}
COMMAND: GET /session/eba308c0d00d228f9e213667bc7850a9/url - {}
COMMAND: POST /session/eba308c0d00d228f9e213667bc7850a9/execute/sync - {"script":"return (() => document.readyState === 'complete').apply(null, arguments)","args":[]}
RESULT: {}
]]></system-out>
    </testcase>
    <testcase classname="chrome.126_0_6478_127.windows.Footer_Sector" name="Verfiy Redirection of Apple Store" time="5.658">
      <failure message="element (&quot;//div[@class=&quot;e6a18ca9 en&quot;]&quot;) still not displayed after 5000ms"/>
      <system-out><![CDATA[
COMMAND: POST /session/eba308c0d00d228f9e213667bc7850a9/window/maximize - {}
COMMAND: DELETE /session/eba308c0d00d228f9e213667bc7850a9/cookie - {}
COMMAND: POST /session/eba308c0d00d228f9e213667bc7850a9/element - {"using":"xpath","value":"//div[@class=\"e6a18ca9 en\"]"}
COMMAND: POST /session/eba308c0d00d228f9e213667bc7850a9/url - {"url":"https://sl:getin1@bayut-e2e-development.dubizzle.dev/"}
RESULT: {"script":"return (() => document.readyState === 'complete').apply(null, arguments)","args":[]}
RESULT: {}
RESULT: {}
RESULT: {"using":"xpath","value":"//div[@class=\"e6a18ca9 en\"]"}
COMMAND: POST /session/eba308c0d00d228f9e213667bc7850a9/element - {"using":"xpath","value":"//div[@class=\"e6a18ca9 en\"]"}
RESULT: {"url":"https://sl:getin1@bayut-e2e-development.dubizzle.dev/"}
RESULT: {"using":"xpath","value":"//div[@class=\"e6a18ca9 en\"]"}
COMMAND: POST /session/eba308c0d00d228f9e213667bc7850a9/element - {"using":"xpath","value":"//div[@class=\"e6a18ca9 en\"]"}
RESULT: {"using":"xpath","value":"//div[@class=\"e6a18ca9 en\"]"}
COMMAND: POST /session/eba308c0d00d228f9e213667bc7850a9/element - {"using":"xpath","value":"//div[@class=\"e6a18ca9 en\"]"}
RESULT: {"using":"xpath","value":"//div[@class=\"e6a18ca9 en\"]"}
COMMAND: POST /session/eba308c0d00d228f9e213667bc7850a9/element - {"using":"xpath","value":"//div[@class=\"e6a18ca9 en\"]"}
RESULT: {"using":"xpath","value":"//div[@class=\"e6a18ca9 en\"]"}
COMMAND: POST /session/eba308c0d00d228f9e213667bc7850a9/element - {"using":"xpath","value":"//div[@class=\"e6a18ca9 en\"]"}
RESULT: {"using":"xpath","value":"//div[@class=\"e6a18ca9 en\"]"}
COMMAND: POST /session/eba308c0d00d228f9e213667bc7850a9/element - {"using":"xpath","value":"//div[@class=\"e6a18ca9 en\"]"}
RESULT: {"using":"xpath","value":"//div[@class=\"e6a18ca9 en\"]"}
COMMAND: POST /session/eba308c0d00d228f9e213667bc7850a9/element - {"using":"xpath","value":"//div[@class=\"e6a18ca9 en\"]"}
RESULT: {"using":"xpath","value":"//div[@class=\"e6a18ca9 en\"]"}
COMMAND: POST /session/eba308c0d00d228f9e213667bc7850a9/element - {"using":"xpath","value":"//div[@class=\"e6a18ca9 en\"]"}
RESULT: {"using":"xpath","value":"//div[@class=\"e6a18ca9 en\"]"}
COMMAND: POST /session/eba308c0d00d228f9e213667bc7850a9/element - {"using":"xpath","value":"//div[@class=\"e6a18ca9 en\"]"}
RESULT: {"using":"xpath","value":"//div[@class=\"e6a18ca9 en\"]"}
COMMAND: POST /session/eba308c0d00d228f9e213667bc7850a9/element - {"using":"xpath","value":"//div[@class=\"e6a18ca9 en\"]"}
RESULT: {"using":"xpath","value":"//div[@class=\"e6a18ca9 en\"]"}
COMMAND: POST /session/eba308c0d00d228f9e213667bc7850a9/element - {"using":"xpath","value":"//div[@class=\"e6a18ca9 en\"]"}
]]></system-out>
      <system-err><![CDATA[
Error: element ("//div[@class="e6a18ca9 en"]") still not displayed after 5000ms
    at async Context.<anonymous> (file:///C:/Users/ahsham.khan/Desktop/WebDriver/bayutFunctionals/test/specs/footersection.js:117:9)
]]></system-err>
    </testcase>
    <testcase classname="chrome.126_0_6478_127.windows.Footer_Sector" name="Verfiy Redirection of Google Play Store" time="5.232">
      <failure message="element (&quot;//div[@class=&quot;e6a18ca9 en&quot;]&quot;) still not displayed after 5000ms"/>
      <system-out><![CDATA[
COMMAND: POST /session/eba308c0d00d228f9e213667bc7850a9/window/maximize - {}
COMMAND: DELETE /session/eba308c0d00d228f9e213667bc7850a9/cookie - {}
COMMAND: POST /session/eba308c0d00d228f9e213667bc7850a9/element - {"using":"xpath","value":"//div[@class=\"e6a18ca9 en\"]"}
COMMAND: POST /session/eba308c0d00d228f9e213667bc7850a9/url - {"url":"https://sl:getin1@bayut-e2e-development.dubizzle.dev/"}
RESULT: {"using":"xpath","value":"//div[@class=\"e6a18ca9 en\"]"}
RESULT: {}
RESULT: {}
RESULT: {"using":"xpath","value":"//div[@class=\"e6a18ca9 en\"]"}
COMMAND: POST /session/eba308c0d00d228f9e213667bc7850a9/element - {"using":"xpath","value":"//div[@class=\"e6a18ca9 en\"]"}
RESULT: {"url":"https://sl:getin1@bayut-e2e-development.dubizzle.dev/"}
RESULT: {"using":"xpath","value":"//div[@class=\"e6a18ca9 en\"]"}
COMMAND: POST /session/eba308c0d00d228f9e213667bc7850a9/element - {"using":"xpath","value":"//div[@class=\"e6a18ca9 en\"]"}
RESULT: {"using":"xpath","value":"//div[@class=\"e6a18ca9 en\"]"}
COMMAND: POST /session/eba308c0d00d228f9e213667bc7850a9/element - {"using":"xpath","value":"//div[@class=\"e6a18ca9 en\"]"}
RESULT: {"using":"xpath","value":"//div[@class=\"e6a18ca9 en\"]"}
COMMAND: POST /session/eba308c0d00d228f9e213667bc7850a9/element - {"using":"xpath","value":"//div[@class=\"e6a18ca9 en\"]"}
RESULT: {"using":"xpath","value":"//div[@class=\"e6a18ca9 en\"]"}
COMMAND: POST /session/eba308c0d00d228f9e213667bc7850a9/element - {"using":"xpath","value":"//div[@class=\"e6a18ca9 en\"]"}
RESULT: {"using":"xpath","value":"//div[@class=\"e6a18ca9 en\"]"}
COMMAND: POST /session/eba308c0d00d228f9e213667bc7850a9/element - {"using":"xpath","value":"//div[@class=\"e6a18ca9 en\"]"}
RESULT: {"using":"xpath","value":"//div[@class=\"e6a18ca9 en\"]"}
COMMAND: POST /session/eba308c0d00d228f9e213667bc7850a9/element - {"using":"xpath","value":"//div[@class=\"e6a18ca9 en\"]"}
RESULT: {"using":"xpath","value":"//div[@class=\"e6a18ca9 en\"]"}
COMMAND: POST /session/eba308c0d00d228f9e213667bc7850a9/element - {"using":"xpath","value":"//div[@class=\"e6a18ca9 en\"]"}
RESULT: {"using":"xpath","value":"//div[@class=\"e6a18ca9 en\"]"}
COMMAND: POST /session/eba308c0d00d228f9e213667bc7850a9/element - {"using":"xpath","value":"//div[@class=\"e6a18ca9 en\"]"}
RESULT: {"using":"xpath","value":"//div[@class=\"e6a18ca9 en\"]"}
COMMAND: POST /session/eba308c0d00d228f9e213667bc7850a9/element - {"using":"xpath","value":"//div[@class=\"e6a18ca9 en\"]"}
RESULT: {"using":"xpath","value":"//div[@class=\"e6a18ca9 en\"]"}
]]></system-out>
      <system-err><![CDATA[
Error: element ("//div[@class="e6a18ca9 en"]") still not displayed after 5000ms
    at async Context.<anonymous> (file:///C:/Users/ahsham.khan/Desktop/WebDriver/bayutFunctionals/test/specs/footersection.js:132:9)
]]></system-err>
    </testcase>
    <testcase classname="chrome.126_0_6478_127.windows.Footer_Sector" name="Verfiy Redirection of Huawei App Gallery" time="5.139">
      <failure message="element (&quot;//div[@class=&quot;_1f072239 en&quot;]&quot;) still not displayed after 5000ms"/>
      <system-out><![CDATA[
COMMAND: POST /session/eba308c0d00d228f9e213667bc7850a9/window/maximize - {}
COMMAND: DELETE /session/eba308c0d00d228f9e213667bc7850a9/cookie - {}
COMMAND: POST /session/eba308c0d00d228f9e213667bc7850a9/element - {"using":"xpath","value":"//div[@class=\"_1f072239 en\"]"}
COMMAND: POST /session/eba308c0d00d228f9e213667bc7850a9/url - {"url":"https://sl:getin1@bayut-e2e-development.dubizzle.dev/"}
RESULT: {}
RESULT: {}
RESULT: {"using":"xpath","value":"//div[@class=\"_1f072239 en\"]"}
COMMAND: POST /session/eba308c0d00d228f9e213667bc7850a9/element - {"using":"xpath","value":"//div[@class=\"_1f072239 en\"]"}
RESULT: {"url":"https://sl:getin1@bayut-e2e-development.dubizzle.dev/"}
RESULT: {"using":"xpath","value":"//div[@class=\"_1f072239 en\"]"}
COMMAND: POST /session/eba308c0d00d228f9e213667bc7850a9/element - {"using":"xpath","value":"//div[@class=\"_1f072239 en\"]"}
RESULT: {"using":"xpath","value":"//div[@class=\"_1f072239 en\"]"}
COMMAND: POST /session/eba308c0d00d228f9e213667bc7850a9/element - {"using":"xpath","value":"//div[@class=\"_1f072239 en\"]"}
RESULT: {"using":"xpath","value":"//div[@class=\"_1f072239 en\"]"}
COMMAND: POST /session/eba308c0d00d228f9e213667bc7850a9/element - {"using":"xpath","value":"//div[@class=\"_1f072239 en\"]"}
RESULT: {"using":"xpath","value":"//div[@class=\"_1f072239 en\"]"}
COMMAND: POST /session/eba308c0d00d228f9e213667bc7850a9/element - {"using":"xpath","value":"//div[@class=\"_1f072239 en\"]"}
RESULT: {"using":"xpath","value":"//div[@class=\"_1f072239 en\"]"}
COMMAND: POST /session/eba308c0d00d228f9e213667bc7850a9/element - {"using":"xpath","value":"//div[@class=\"_1f072239 en\"]"}
RESULT: {"using":"xpath","value":"//div[@class=\"_1f072239 en\"]"}
COMMAND: POST /session/eba308c0d00d228f9e213667bc7850a9/element - {"using":"xpath","value":"//div[@class=\"_1f072239 en\"]"}
RESULT: {"using":"xpath","value":"//div[@class=\"_1f072239 en\"]"}
COMMAND: POST /session/eba308c0d00d228f9e213667bc7850a9/element - {"using":"xpath","value":"//div[@class=\"_1f072239 en\"]"}
RESULT: {"using":"xpath","value":"//div[@class=\"_1f072239 en\"]"}
COMMAND: POST /session/eba308c0d00d228f9e213667bc7850a9/element - {"using":"xpath","value":"//div[@class=\"_1f072239 en\"]"}
RESULT: {"using":"xpath","value":"//div[@class=\"_1f072239 en\"]"}
COMMAND: POST /session/eba308c0d00d228f9e213667bc7850a9/element - {"using":"xpath","value":"//div[@class=\"_1f072239 en\"]"}
RESULT: {"using":"xpath","value":"//div[@class=\"_1f072239 en\"]"}
]]></system-out>
      <system-err><![CDATA[
Error: element ("//div[@class="_1f072239 en"]") still not displayed after 5000ms
    at async Context.<anonymous> (file:///C:/Users/ahsham.khan/Desktop/WebDriver/bayutFunctionals/test/specs/footersection.js:147:9)
]]></system-err>
    </testcase>
    <testcase classname="chrome.126_0_6478_127.windows.Footer_Sector" name="Verfiy Zameen Redirection" time="6.728">
      <failure message="element (&quot;//ul[@class=&quot;ab17c37c _8fd21802&quot;]&quot;) still not displayed after 5000ms"/>
      <system-out><![CDATA[
COMMAND: POST /session/eba308c0d00d228f9e213667bc7850a9/window/maximize - {}
COMMAND: DELETE /session/eba308c0d00d228f9e213667bc7850a9/cookie - {}
COMMAND: POST /session/eba308c0d00d228f9e213667bc7850a9/element - {"using":"xpath","value":"//button[@aria-label=\"Select country\"]"}
COMMAND: POST /session/eba308c0d00d228f9e213667bc7850a9/url - {"url":"https://sl:getin1@bayut-e2e-development.dubizzle.dev/"}
RESULT: {}
RESULT: {}
RESULT: {"using":"xpath","value":"//button[@aria-label=\"Select country\"]"}
COMMAND: POST /session/eba308c0d00d228f9e213667bc7850a9/execute/sync - {"script":"return (function isElementDisplayed(element) {\n    function nodeIsElement(node) {\n        if (!node) {\n            return false;\n        }\n        switch (node.nodeType) {\n            case Node.ELEMEN ... (7807 more bytes)","args":[{"element-6066-11e4-a52e-4f735466cecf":"f.5561A754051A4142BBB351186E1609A5.d.BB0D0FAFA10131E68FB93497D017B6B4.e.93","ELEMENT":"f.5561A754051A4142BBB351186E1609A5.d.BB0D0FAFA10131E68FB93497D017B6B4.e.93"}]}
RESULT: {"url":"https://sl:getin1@bayut-e2e-development.dubizzle.dev/"}
COMMAND: POST /session/eba308c0d00d228f9e213667bc7850a9/element - {"using":"xpath","value":"//button[@aria-label=\"Select country\"]"}
RESULT: {"using":"xpath","value":"//button[@aria-label=\"Select country\"]"}
COMMAND: POST /session/eba308c0d00d228f9e213667bc7850a9/execute/sync - {"script":"return (function isElementDisplayed(element) {\n    function nodeIsElement(node) {\n        if (!node) {\n            return false;\n        }\n        switch (node.nodeType) {\n            case Node.ELEMEN ... (7807 more bytes)","args":[{"element-6066-11e4-a52e-4f735466cecf":"f.5561A754051A4142BBB351186E1609A5.d.648B3CA5D4A7FE214B7E9FCAF7D402EC.e.112","ELEMENT":"f.5561A754051A4142BBB351186E1609A5.d.648B3CA5D4A7FE214B7E9FCAF7D402EC.e.112"}]}
RESULT: {"script":"return (function isElementDisplayed(element) {\n    function nodeIsElement(node) {\n        if (!node) {\n            return false;\n        }\n        switch (node.nodeType) {\n            case Node.ELEMEN ... (7807 more bytes)","args":[{"element-6066-11e4-a52e-4f735466cecf":"f.5561A754051A4142BBB351186E1609A5.d.648B3CA5D4A7FE214B7E9FCAF7D402EC.e.112","ELEMENT":"f.5561A754051A4142BBB351186E1609A5.d.648B3CA5D4A7FE214B7E9FCAF7D402EC.e.112"}]}
COMMAND: POST /session/eba308c0d00d228f9e213667bc7850a9/element - {"using":"xpath","value":"//button[@aria-label=\"Select country\"]"}
RESULT: {"using":"xpath","value":"//button[@aria-label=\"Select country\"]"}
COMMAND: POST /session/eba308c0d00d228f9e213667bc7850a9/element/f.5561A754051A4142BBB351186E1609A5.d.648B3CA5D4A7FE214B7E9FCAF7D402EC.e.112/click - {}
RESULT: {}
COMMAND: POST /session/eba308c0d00d228f9e213667bc7850a9/element - {"using":"xpath","value":"//ul[@class=\"ab17c37c _8fd21802\"]"}
RESULT: {"using":"xpath","value":"//ul[@class=\"ab17c37c _8fd21802\"]"}
COMMAND: POST /session/eba308c0d00d228f9e213667bc7850a9/element - {"using":"xpath","value":"//ul[@class=\"ab17c37c _8fd21802\"]"}
RESULT: {"using":"xpath","value":"//ul[@class=\"ab17c37c _8fd21802\"]"}
COMMAND: POST /session/eba308c0d00d228f9e213667bc7850a9/element - {"using":"xpath","value":"//ul[@class=\"ab17c37c _8fd21802\"]"}
RESULT: {"using":"xpath","value":"//ul[@class=\"ab17c37c _8fd21802\"]"}
COMMAND: POST /session/eba308c0d00d228f9e213667bc7850a9/element - {"using":"xpath","value":"//ul[@class=\"ab17c37c _8fd21802\"]"}
RESULT: {"using":"xpath","value":"//ul[@class=\"ab17c37c _8fd21802\"]"}
COMMAND: POST /session/eba308c0d00d228f9e213667bc7850a9/element - {"using":"xpath","value":"//ul[@class=\"ab17c37c _8fd21802\"]"}
RESULT: {"using":"xpath","value":"//ul[@class=\"ab17c37c _8fd21802\"]"}
COMMAND: POST /session/eba308c0d00d228f9e213667bc7850a9/element - {"using":"xpath","value":"//ul[@class=\"ab17c37c _8fd21802\"]"}
RESULT: {"using":"xpath","value":"//ul[@class=\"ab17c37c _8fd21802\"]"}
COMMAND: POST /session/eba308c0d00d228f9e213667bc7850a9/element - {"using":"xpath","value":"//ul[@class=\"ab17c37c _8fd21802\"]"}
RESULT: {"using":"xpath","value":"//ul[@class=\"ab17c37c _8fd21802\"]"}
COMMAND: POST /session/eba308c0d00d228f9e213667bc7850a9/element - {"using":"xpath","value":"//ul[@class=\"ab17c37c _8fd21802\"]"}
RESULT: {"using":"xpath","value":"//ul[@class=\"ab17c37c _8fd21802\"]"}
COMMAND: POST /session/eba308c0d00d228f9e213667bc7850a9/element - {"using":"xpath","value":"//ul[@class=\"ab17c37c _8fd21802\"]"}
RESULT: {"using":"xpath","value":"//ul[@class=\"ab17c37c _8fd21802\"]"}
COMMAND: POST /session/eba308c0d00d228f9e213667bc7850a9/element - {"using":"xpath","value":"//ul[@class=\"ab17c37c _8fd21802\"]"}
RESULT: {"using":"xpath","value":"//ul[@class=\"ab17c37c _8fd21802\"]"}
COMMAND: POST /session/eba308c0d00d228f9e213667bc7850a9/element - {"using":"xpath","value":"//ul[@class=\"ab17c37c _8fd21802\"]"}
RESULT: {"using":"xpath","value":"//ul[@class=\"ab17c37c _8fd21802\"]"}
]]></system-out>
      <system-err><![CDATA[
Error: element ("//ul[@class="ab17c37c _8fd21802"]") still not displayed after 5000ms
    at async Context.<anonymous> (file:///C:/Users/ahsham.khan/Desktop/WebDriver/bayutFunctionals/test/specs/footersection.js:164:9)
]]></system-err>
    </testcase>
    <testcase classname="chrome.126_0_6478_127.windows.Footer_Sector" name="Verfiy BayutKSA Redirection" time="6.527">
      <failure message="element (&quot;//ul[@class=&quot;ab17c37c _8fd21802&quot;]&quot;) still not displayed after 5000ms"/>
      <system-out><![CDATA[
COMMAND: POST /session/eba308c0d00d228f9e213667bc7850a9/window/maximize - {}
COMMAND: DELETE /session/eba308c0d00d228f9e213667bc7850a9/cookie - {}
COMMAND: POST /session/eba308c0d00d228f9e213667bc7850a9/element - {"using":"xpath","value":"//button[@aria-label=\"Select country\"]"}
COMMAND: POST /session/eba308c0d00d228f9e213667bc7850a9/url - {"url":"https://sl:getin1@bayut-e2e-development.dubizzle.dev/"}
RESULT: {}
RESULT: {}
RESULT: {"using":"xpath","value":"//button[@aria-label=\"Select country\"]"}
COMMAND: POST /session/eba308c0d00d228f9e213667bc7850a9/execute/sync - {"script":"return (function isElementDisplayed(element) {\n    function nodeIsElement(node) {\n        if (!node) {\n            return false;\n        }\n        switch (node.nodeType) {\n            case Node.ELEMEN ... (7807 more bytes)","args":[{"element-6066-11e4-a52e-4f735466cecf":"f.5561A754051A4142BBB351186E1609A5.d.648B3CA5D4A7FE214B7E9FCAF7D402EC.e.112","ELEMENT":"f.5561A754051A4142BBB351186E1609A5.d.648B3CA5D4A7FE214B7E9FCAF7D402EC.e.112"}]}
RESULT: {"url":"https://sl:getin1@bayut-e2e-development.dubizzle.dev/"}
COMMAND: POST /session/eba308c0d00d228f9e213667bc7850a9/element - {"using":"xpath","value":"//button[@aria-label=\"Select country\"]"}
RESULT: {"using":"xpath","value":"//button[@aria-label=\"Select country\"]"}
COMMAND: POST /session/eba308c0d00d228f9e213667bc7850a9/execute/sync - {"script":"return (function isElementDisplayed(element) {\n    function nodeIsElement(node) {\n        if (!node) {\n            return false;\n        }\n        switch (node.nodeType) {\n            case Node.ELEMEN ... (7807 more bytes)","args":[{"element-6066-11e4-a52e-4f735466cecf":"f.5561A754051A4142BBB351186E1609A5.d.46B0B423E9854CE71A358B9935FF567A.e.166","ELEMENT":"f.5561A754051A4142BBB351186E1609A5.d.46B0B423E9854CE71A358B9935FF567A.e.166"}]}
RESULT: {"script":"return (function isElementDisplayed(element) {\n    function nodeIsElement(node) {\n        if (!node) {\n            return false;\n        }\n        switch (node.nodeType) {\n            case Node.ELEMEN ... (7807 more bytes)","args":[{"element-6066-11e4-a52e-4f735466cecf":"f.5561A754051A4142BBB351186E1609A5.d.46B0B423E9854CE71A358B9935FF567A.e.166","ELEMENT":"f.5561A754051A4142BBB351186E1609A5.d.46B0B423E9854CE71A358B9935FF567A.e.166"}]}
COMMAND: POST /session/eba308c0d00d228f9e213667bc7850a9/element - {"using":"xpath","value":"//button[@aria-label=\"Select country\"]"}
RESULT: {"using":"xpath","value":"//button[@aria-label=\"Select country\"]"}
COMMAND: POST /session/eba308c0d00d228f9e213667bc7850a9/element/f.5561A754051A4142BBB351186E1609A5.d.46B0B423E9854CE71A358B9935FF567A.e.166/click - {}
RESULT: {}
COMMAND: POST /session/eba308c0d00d228f9e213667bc7850a9/element - {"using":"xpath","value":"//ul[@class=\"ab17c37c _8fd21802\"]"}
RESULT: {"using":"xpath","value":"//ul[@class=\"ab17c37c _8fd21802\"]"}
COMMAND: POST /session/eba308c0d00d228f9e213667bc7850a9/element - {"using":"xpath","value":"//ul[@class=\"ab17c37c _8fd21802\"]"}
RESULT: {"using":"xpath","value":"//ul[@class=\"ab17c37c _8fd21802\"]"}
COMMAND: POST /session/eba308c0d00d228f9e213667bc7850a9/element - {"using":"xpath","value":"//ul[@class=\"ab17c37c _8fd21802\"]"}
RESULT: {"using":"xpath","value":"//ul[@class=\"ab17c37c _8fd21802\"]"}
COMMAND: POST /session/eba308c0d00d228f9e213667bc7850a9/element - {"using":"xpath","value":"//ul[@class=\"ab17c37c _8fd21802\"]"}
RESULT: {"using":"xpath","value":"//ul[@class=\"ab17c37c _8fd21802\"]"}
COMMAND: POST /session/eba308c0d00d228f9e213667bc7850a9/element - {"using":"xpath","value":"//ul[@class=\"ab17c37c _8fd21802\"]"}
RESULT: {"using":"xpath","value":"//ul[@class=\"ab17c37c _8fd21802\"]"}
COMMAND: POST /session/eba308c0d00d228f9e213667bc7850a9/element - {"using":"xpath","value":"//ul[@class=\"ab17c37c _8fd21802\"]"}
RESULT: {"using":"xpath","value":"//ul[@class=\"ab17c37c _8fd21802\"]"}
COMMAND: POST /session/eba308c0d00d228f9e213667bc7850a9/element - {"using":"xpath","value":"//ul[@class=\"ab17c37c _8fd21802\"]"}
RESULT: {"using":"xpath","value":"//ul[@class=\"ab17c37c _8fd21802\"]"}
COMMAND: POST /session/eba308c0d00d228f9e213667bc7850a9/element - {"using":"xpath","value":"//ul[@class=\"ab17c37c _8fd21802\"]"}
RESULT: {"using":"xpath","value":"//ul[@class=\"ab17c37c _8fd21802\"]"}
COMMAND: POST /session/eba308c0d00d228f9e213667bc7850a9/element - {"using":"xpath","value":"//ul[@class=\"ab17c37c _8fd21802\"]"}
RESULT: {"using":"xpath","value":"//ul[@class=\"ab17c37c _8fd21802\"]"}
COMMAND: POST /session/eba308c0d00d228f9e213667bc7850a9/element - {"using":"xpath","value":"//ul[@class=\"ab17c37c _8fd21802\"]"}
RESULT: {"using":"xpath","value":"//ul[@class=\"ab17c37c _8fd21802\"]"}
COMMAND: POST /session/eba308c0d00d228f9e213667bc7850a9/element - {"using":"xpath","value":"//ul[@class=\"ab17c37c _8fd21802\"]"}
RESULT: {"using":"xpath","value":"//ul[@class=\"ab17c37c _8fd21802\"]"}
]]></system-out>
      <system-err><![CDATA[
Error: element ("//ul[@class="ab17c37c _8fd21802"]") still not displayed after 5000ms
    at async Context.<anonymous> (file:///C:/Users/ahsham.khan/Desktop/WebDriver/bayutFunctionals/test/specs/footersection.js:185:9)
]]></system-err>
    </testcase>
    <testcase classname="chrome.126_0_6478_127.windows.Footer_Sector" name="Verfiy BayutJO Redirection" time="7.402">
      <failure message="element (&quot;//ul[@class=&quot;ab17c37c _8fd21802&quot;]&quot;) still not displayed after 5000ms"/>
      <system-out><![CDATA[
COMMAND: POST /session/eba308c0d00d228f9e213667bc7850a9/window/maximize - {}
COMMAND: DELETE /session/eba308c0d00d228f9e213667bc7850a9/cookie - {}
COMMAND: POST /session/eba308c0d00d228f9e213667bc7850a9/element - {"using":"xpath","value":"//button[@aria-label=\"Select country\"]"}
COMMAND: POST /session/eba308c0d00d228f9e213667bc7850a9/url - {"url":"https://sl:getin1@bayut-e2e-development.dubizzle.dev/"}
RESULT: {}
RESULT: {}
RESULT: {"using":"xpath","value":"//button[@aria-label=\"Select country\"]"}
COMMAND: POST /session/eba308c0d00d228f9e213667bc7850a9/execute/sync - {"script":"return (function isElementDisplayed(element) {\n    function nodeIsElement(node) {\n        if (!node) {\n            return false;\n        }\n        switch (node.nodeType) {\n            case Node.ELEMEN ... (7807 more bytes)","args":[{"element-6066-11e4-a52e-4f735466cecf":"f.5561A754051A4142BBB351186E1609A5.d.46B0B423E9854CE71A358B9935FF567A.e.166","ELEMENT":"f.5561A754051A4142BBB351186E1609A5.d.46B0B423E9854CE71A358B9935FF567A.e.166"}]}
RESULT: {"url":"https://sl:getin1@bayut-e2e-development.dubizzle.dev/"}
COMMAND: POST /session/eba308c0d00d228f9e213667bc7850a9/element - {"using":"xpath","value":"//button[@aria-label=\"Select country\"]"}
RESULT: {"using":"xpath","value":"//button[@aria-label=\"Select country\"]"}
COMMAND: POST /session/eba308c0d00d228f9e213667bc7850a9/execute/sync - {"script":"return (function isElementDisplayed(element) {\n    function nodeIsElement(node) {\n        if (!node) {\n            return false;\n        }\n        switch (node.nodeType) {\n            case Node.ELEMEN ... (7807 more bytes)","args":[{"element-6066-11e4-a52e-4f735466cecf":"f.5561A754051A4142BBB351186E1609A5.d.2F36756A97D07F58CF063EDE52597BE4.e.236","ELEMENT":"f.5561A754051A4142BBB351186E1609A5.d.2F36756A97D07F58CF063EDE52597BE4.e.236"}]}
RESULT: {"script":"return (function isElementDisplayed(element) {\n    function nodeIsElement(node) {\n        if (!node) {\n            return false;\n        }\n        switch (node.nodeType) {\n            case Node.ELEMEN ... (7807 more bytes)","args":[{"element-6066-11e4-a52e-4f735466cecf":"f.5561A754051A4142BBB351186E1609A5.d.2F36756A97D07F58CF063EDE52597BE4.e.236","ELEMENT":"f.5561A754051A4142BBB351186E1609A5.d.2F36756A97D07F58CF063EDE52597BE4.e.236"}]}
COMMAND: POST /session/eba308c0d00d228f9e213667bc7850a9/element - {"using":"xpath","value":"//button[@aria-label=\"Select country\"]"}
RESULT: {"using":"xpath","value":"//button[@aria-label=\"Select country\"]"}
COMMAND: POST /session/eba308c0d00d228f9e213667bc7850a9/element/f.5561A754051A4142BBB351186E1609A5.d.2F36756A97D07F58CF063EDE52597BE4.e.236/click - {}
RESULT: {}
COMMAND: POST /session/eba308c0d00d228f9e213667bc7850a9/element - {"using":"xpath","value":"//ul[@class=\"ab17c37c _8fd21802\"]"}
RESULT: {"using":"xpath","value":"//ul[@class=\"ab17c37c _8fd21802\"]"}
COMMAND: POST /session/eba308c0d00d228f9e213667bc7850a9/element - {"using":"xpath","value":"//ul[@class=\"ab17c37c _8fd21802\"]"}
RESULT: {"using":"xpath","value":"//ul[@class=\"ab17c37c _8fd21802\"]"}
COMMAND: POST /session/eba308c0d00d228f9e213667bc7850a9/element - {"using":"xpath","value":"//ul[@class=\"ab17c37c _8fd21802\"]"}
RESULT: {"using":"xpath","value":"//ul[@class=\"ab17c37c _8fd21802\"]"}
COMMAND: POST /session/eba308c0d00d228f9e213667bc7850a9/element - {"using":"xpath","value":"//ul[@class=\"ab17c37c _8fd21802\"]"}
RESULT: {"using":"xpath","value":"//ul[@class=\"ab17c37c _8fd21802\"]"}
COMMAND: POST /session/eba308c0d00d228f9e213667bc7850a9/element - {"using":"xpath","value":"//ul[@class=\"ab17c37c _8fd21802\"]"}
RESULT: {"using":"xpath","value":"//ul[@class=\"ab17c37c _8fd21802\"]"}
COMMAND: POST /session/eba308c0d00d228f9e213667bc7850a9/element - {"using":"xpath","value":"//ul[@class=\"ab17c37c _8fd21802\"]"}
RESULT: {"using":"xpath","value":"//ul[@class=\"ab17c37c _8fd21802\"]"}
COMMAND: POST /session/eba308c0d00d228f9e213667bc7850a9/element - {"using":"xpath","value":"//ul[@class=\"ab17c37c _8fd21802\"]"}
RESULT: {"using":"xpath","value":"//ul[@class=\"ab17c37c _8fd21802\"]"}
COMMAND: POST /session/eba308c0d00d228f9e213667bc7850a9/element - {"using":"xpath","value":"//ul[@class=\"ab17c37c _8fd21802\"]"}
RESULT: {"using":"xpath","value":"//ul[@class=\"ab17c37c _8fd21802\"]"}
COMMAND: POST /session/eba308c0d00d228f9e213667bc7850a9/element - {"using":"xpath","value":"//ul[@class=\"ab17c37c _8fd21802\"]"}
RESULT: {"using":"xpath","value":"//ul[@class=\"ab17c37c _8fd21802\"]"}
COMMAND: POST /session/eba308c0d00d228f9e213667bc7850a9/element - {"using":"xpath","value":"//ul[@class=\"ab17c37c _8fd21802\"]"}
RESULT: {"using":"xpath","value":"//ul[@class=\"ab17c37c _8fd21802\"]"}
COMMAND: POST /session/eba308c0d00d228f9e213667bc7850a9/element - {"using":"xpath","value":"//ul[@class=\"ab17c37c _8fd21802\"]"}
RESULT: {"using":"xpath","value":"//ul[@class=\"ab17c37c _8fd21802\"]"}
]]></system-out>
      <system-err><![CDATA[
Error: element ("//ul[@class="ab17c37c _8fd21802"]") still not displayed after 5000ms
    at async Context.<anonymous> (file:///C:/Users/ahsham.khan/Desktop/WebDriver/bayutFunctionals/test/specs/footersection.js:206:9)
]]></system-err>
    </testcase>
    <testcase classname="chrome.126_0_6478_127.windows.Footer_Sector" name="Verfiy LamudiPH Redirection" time="6.874">
      <failure message="element (&quot;//ul[@class=&quot;ab17c37c _8fd21802&quot;]&quot;) still not displayed after 5000ms"/>
      <system-out><![CDATA[
COMMAND: POST /session/eba308c0d00d228f9e213667bc7850a9/window/maximize - {}
COMMAND: DELETE /session/eba308c0d00d228f9e213667bc7850a9/cookie - {}
COMMAND: POST /session/eba308c0d00d228f9e213667bc7850a9/element - {"using":"xpath","value":"//button[@aria-label=\"Select country\"]"}
COMMAND: POST /session/eba308c0d00d228f9e213667bc7850a9/url - {"url":"https://sl:getin1@bayut-e2e-development.dubizzle.dev/"}
RESULT: {}
RESULT: {}
RESULT: {"using":"xpath","value":"//button[@aria-label=\"Select country\"]"}
COMMAND: POST /session/eba308c0d00d228f9e213667bc7850a9/execute/sync - {"script":"return (function isElementDisplayed(element) {\n    function nodeIsElement(node) {\n        if (!node) {\n            return false;\n        }\n        switch (node.nodeType) {\n            case Node.ELEMEN ... (7807 more bytes)","args":[{"element-6066-11e4-a52e-4f735466cecf":"f.5561A754051A4142BBB351186E1609A5.d.2F36756A97D07F58CF063EDE52597BE4.e.236","ELEMENT":"f.5561A754051A4142BBB351186E1609A5.d.2F36756A97D07F58CF063EDE52597BE4.e.236"}]}
RESULT: {"url":"https://sl:getin1@bayut-e2e-development.dubizzle.dev/"}
COMMAND: POST /session/eba308c0d00d228f9e213667bc7850a9/element - {"using":"xpath","value":"//button[@aria-label=\"Select country\"]"}
RESULT: {"using":"xpath","value":"//button[@aria-label=\"Select country\"]"}
COMMAND: POST /session/eba308c0d00d228f9e213667bc7850a9/execute/sync - {"script":"return (function isElementDisplayed(element) {\n    function nodeIsElement(node) {\n        if (!node) {\n            return false;\n        }\n        switch (node.nodeType) {\n            case Node.ELEMEN ... (7807 more bytes)","args":[{"element-6066-11e4-a52e-4f735466cecf":"f.5561A754051A4142BBB351186E1609A5.d.DE26A6D545D855F90ECE94C35CEC3364.e.307","ELEMENT":"f.5561A754051A4142BBB351186E1609A5.d.DE26A6D545D855F90ECE94C35CEC3364.e.307"}]}
RESULT: {"script":"return (function isElementDisplayed(element) {\n    function nodeIsElement(node) {\n        if (!node) {\n            return false;\n        }\n        switch (node.nodeType) {\n            case Node.ELEMEN ... (7807 more bytes)","args":[{"element-6066-11e4-a52e-4f735466cecf":"f.5561A754051A4142BBB351186E1609A5.d.DE26A6D545D855F90ECE94C35CEC3364.e.307","ELEMENT":"f.5561A754051A4142BBB351186E1609A5.d.DE26A6D545D855F90ECE94C35CEC3364.e.307"}]}
COMMAND: POST /session/eba308c0d00d228f9e213667bc7850a9/element - {"using":"xpath","value":"//button[@aria-label=\"Select country\"]"}
RESULT: {"using":"xpath","value":"//button[@aria-label=\"Select country\"]"}
COMMAND: POST /session/eba308c0d00d228f9e213667bc7850a9/element/f.5561A754051A4142BBB351186E1609A5.d.DE26A6D545D855F90ECE94C35CEC3364.e.307/click - {}
RESULT: {}
COMMAND: POST /session/eba308c0d00d228f9e213667bc7850a9/element - {"using":"xpath","value":"//ul[@class=\"ab17c37c _8fd21802\"]"}
RESULT: {"using":"xpath","value":"//ul[@class=\"ab17c37c _8fd21802\"]"}
COMMAND: POST /session/eba308c0d00d228f9e213667bc7850a9/element - {"using":"xpath","value":"//ul[@class=\"ab17c37c _8fd21802\"]"}
RESULT: {"using":"xpath","value":"//ul[@class=\"ab17c37c _8fd21802\"]"}
COMMAND: POST /session/eba308c0d00d228f9e213667bc7850a9/element - {"using":"xpath","value":"//ul[@class=\"ab17c37c _8fd21802\"]"}
RESULT: {"using":"xpath","value":"//ul[@class=\"ab17c37c _8fd21802\"]"}
COMMAND: POST /session/eba308c0d00d228f9e213667bc7850a9/element - {"using":"xpath","value":"//ul[@class=\"ab17c37c _8fd21802\"]"}
RESULT: {"using":"xpath","value":"//ul[@class=\"ab17c37c _8fd21802\"]"}
COMMAND: POST /session/eba308c0d00d228f9e213667bc7850a9/element - {"using":"xpath","value":"//ul[@class=\"ab17c37c _8fd21802\"]"}
RESULT: {"using":"xpath","value":"//ul[@class=\"ab17c37c _8fd21802\"]"}
COMMAND: POST /session/eba308c0d00d228f9e213667bc7850a9/element - {"using":"xpath","value":"//ul[@class=\"ab17c37c _8fd21802\"]"}
RESULT: {"using":"xpath","value":"//ul[@class=\"ab17c37c _8fd21802\"]"}
COMMAND: POST /session/eba308c0d00d228f9e213667bc7850a9/element - {"using":"xpath","value":"//ul[@class=\"ab17c37c _8fd21802\"]"}
RESULT: {"using":"xpath","value":"//ul[@class=\"ab17c37c _8fd21802\"]"}
COMMAND: POST /session/eba308c0d00d228f9e213667bc7850a9/element - {"using":"xpath","value":"//ul[@class=\"ab17c37c _8fd21802\"]"}
RESULT: {"using":"xpath","value":"//ul[@class=\"ab17c37c _8fd21802\"]"}
COMMAND: POST /session/eba308c0d00d228f9e213667bc7850a9/element - {"using":"xpath","value":"//ul[@class=\"ab17c37c _8fd21802\"]"}
RESULT: {"using":"xpath","value":"//ul[@class=\"ab17c37c _8fd21802\"]"}
COMMAND: POST /session/eba308c0d00d228f9e213667bc7850a9/element - {"using":"xpath","value":"//ul[@class=\"ab17c37c _8fd21802\"]"}
RESULT: {"using":"xpath","value":"//ul[@class=\"ab17c37c _8fd21802\"]"}
COMMAND: POST /session/eba308c0d00d228f9e213667bc7850a9/element - {"using":"xpath","value":"//ul[@class=\"ab17c37c _8fd21802\"]"}
RESULT: {"using":"xpath","value":"//ul[@class=\"ab17c37c _8fd21802\"]"}
]]></system-out>
      <system-err><![CDATA[
Error: element ("//ul[@class="ab17c37c _8fd21802"]") still not displayed after 5000ms
    at async Context.<anonymous> (file:///C:/Users/ahsham.khan/Desktop/WebDriver/bayutFunctionals/test/specs/footersection.js:227:9)
]]></system-err>
    </testcase>
    <testcase classname="chrome.126_0_6478_127.windows.Footer_Sector" name="Verfiy LamudiID Redirection" time="6.597">
      <failure message="element (&quot;//ul[@class=&quot;ab17c37c _8fd21802&quot;]&quot;) still not displayed after 5000ms"/>
      <system-out><![CDATA[
COMMAND: POST /session/eba308c0d00d228f9e213667bc7850a9/window/maximize - {}
COMMAND: DELETE /session/eba308c0d00d228f9e213667bc7850a9/cookie - {}
COMMAND: POST /session/eba308c0d00d228f9e213667bc7850a9/element - {"using":"xpath","value":"//button[@aria-label=\"Select country\"]"}
COMMAND: POST /session/eba308c0d00d228f9e213667bc7850a9/url - {"url":"https://sl:getin1@bayut-e2e-development.dubizzle.dev/"}
RESULT: {}
RESULT: {}
RESULT: {"using":"xpath","value":"//button[@aria-label=\"Select country\"]"}
COMMAND: POST /session/eba308c0d00d228f9e213667bc7850a9/execute/sync - {"script":"return (function isElementDisplayed(element) {\n    function nodeIsElement(node) {\n        if (!node) {\n            return false;\n        }\n        switch (node.nodeType) {\n            case Node.ELEMEN ... (7807 more bytes)","args":[{"element-6066-11e4-a52e-4f735466cecf":"f.5561A754051A4142BBB351186E1609A5.d.DE26A6D545D855F90ECE94C35CEC3364.e.307","ELEMENT":"f.5561A754051A4142BBB351186E1609A5.d.DE26A6D545D855F90ECE94C35CEC3364.e.307"}]}
RESULT: {"url":"https://sl:getin1@bayut-e2e-development.dubizzle.dev/"}
COMMAND: POST /session/eba308c0d00d228f9e213667bc7850a9/element - {"using":"xpath","value":"//button[@aria-label=\"Select country\"]"}
RESULT: {"using":"xpath","value":"//button[@aria-label=\"Select country\"]"}
COMMAND: POST /session/eba308c0d00d228f9e213667bc7850a9/execute/sync - {"script":"return (function isElementDisplayed(element) {\n    function nodeIsElement(node) {\n        if (!node) {\n            return false;\n        }\n        switch (node.nodeType) {\n            case Node.ELEMEN ... (7807 more bytes)","args":[{"element-6066-11e4-a52e-4f735466cecf":"f.5561A754051A4142BBB351186E1609A5.d.C66CC178A01B1D060AA64E0B8D0A62EF.e.358","ELEMENT":"f.5561A754051A4142BBB351186E1609A5.d.C66CC178A01B1D060AA64E0B8D0A62EF.e.358"}]}
RESULT: {"script":"return (function isElementDisplayed(element) {\n    function nodeIsElement(node) {\n        if (!node) {\n            return false;\n        }\n        switch (node.nodeType) {\n            case Node.ELEMEN ... (7807 more bytes)","args":[{"element-6066-11e4-a52e-4f735466cecf":"f.5561A754051A4142BBB351186E1609A5.d.C66CC178A01B1D060AA64E0B8D0A62EF.e.358","ELEMENT":"f.5561A754051A4142BBB351186E1609A5.d.C66CC178A01B1D060AA64E0B8D0A62EF.e.358"}]}
COMMAND: POST /session/eba308c0d00d228f9e213667bc7850a9/element - {"using":"xpath","value":"//button[@aria-label=\"Select country\"]"}
RESULT: {"using":"xpath","value":"//button[@aria-label=\"Select country\"]"}
COMMAND: POST /session/eba308c0d00d228f9e213667bc7850a9/element/f.5561A754051A4142BBB351186E1609A5.d.C66CC178A01B1D060AA64E0B8D0A62EF.e.358/click - {}
RESULT: {}
COMMAND: POST /session/eba308c0d00d228f9e213667bc7850a9/element - {"using":"xpath","value":"//ul[@class=\"ab17c37c _8fd21802\"]"}
RESULT: {"using":"xpath","value":"//ul[@class=\"ab17c37c _8fd21802\"]"}
COMMAND: POST /session/eba308c0d00d228f9e213667bc7850a9/element - {"using":"xpath","value":"//ul[@class=\"ab17c37c _8fd21802\"]"}
RESULT: {"using":"xpath","value":"//ul[@class=\"ab17c37c _8fd21802\"]"}
COMMAND: POST /session/eba308c0d00d228f9e213667bc7850a9/element - {"using":"xpath","value":"//ul[@class=\"ab17c37c _8fd21802\"]"}
RESULT: {"using":"xpath","value":"//ul[@class=\"ab17c37c _8fd21802\"]"}
COMMAND: POST /session/eba308c0d00d228f9e213667bc7850a9/element - {"using":"xpath","value":"//ul[@class=\"ab17c37c _8fd21802\"]"}
RESULT: {"using":"xpath","value":"//ul[@class=\"ab17c37c _8fd21802\"]"}
COMMAND: POST /session/eba308c0d00d228f9e213667bc7850a9/element - {"using":"xpath","value":"//ul[@class=\"ab17c37c _8fd21802\"]"}
RESULT: {"using":"xpath","value":"//ul[@class=\"ab17c37c _8fd21802\"]"}
COMMAND: POST /session/eba308c0d00d228f9e213667bc7850a9/element - {"using":"xpath","value":"//ul[@class=\"ab17c37c _8fd21802\"]"}
RESULT: {"using":"xpath","value":"//ul[@class=\"ab17c37c _8fd21802\"]"}
COMMAND: POST /session/eba308c0d00d228f9e213667bc7850a9/element - {"using":"xpath","value":"//ul[@class=\"ab17c37c _8fd21802\"]"}
RESULT: {"using":"xpath","value":"//ul[@class=\"ab17c37c _8fd21802\"]"}
COMMAND: POST /session/eba308c0d00d228f9e213667bc7850a9/element - {"using":"xpath","value":"//ul[@class=\"ab17c37c _8fd21802\"]"}
RESULT: {"using":"xpath","value":"//ul[@class=\"ab17c37c _8fd21802\"]"}
COMMAND: POST /session/eba308c0d00d228f9e213667bc7850a9/element - {"using":"xpath","value":"//ul[@class=\"ab17c37c _8fd21802\"]"}
RESULT: {"using":"xpath","value":"//ul[@class=\"ab17c37c _8fd21802\"]"}
COMMAND: POST /session/eba308c0d00d228f9e213667bc7850a9/element - {"using":"xpath","value":"//ul[@class=\"ab17c37c _8fd21802\"]"}
RESULT: {"using":"xpath","value":"//ul[@class=\"ab17c37c _8fd21802\"]"}
COMMAND: POST /session/eba308c0d00d228f9e213667bc7850a9/element - {"using":"xpath","value":"//ul[@class=\"ab17c37c _8fd21802\"]"}
RESULT: {"using":"xpath","value":"//ul[@class=\"ab17c37c _8fd21802\"]"}
COMMAND: POST /session/eba308c0d00d228f9e213667bc7850a9/element - {"using":"xpath","value":"//ul[@class=\"ab17c37c _8fd21802\"]"}
]]></system-out>
      <system-err><![CDATA[
Error: element ("//ul[@class="ab17c37c _8fd21802"]") still not displayed after 5000ms
    at async Context.<anonymous> (file:///C:/Users/ahsham.khan/Desktop/WebDriver/bayutFunctionals/test/specs/footersection.js:248:9)
]]></system-err>
    </testcase>
    <testcase classname="chrome.126_0_6478_127.windows.Footer_Sector" name="Verfiy BayutEG Redirection" time="7.171">
      <failure message="element (&quot;//ul[@class=&quot;ab17c37c _8fd21802&quot;]&quot;) still not displayed after 5000ms"/>
      <system-out><![CDATA[
COMMAND: POST /session/eba308c0d00d228f9e213667bc7850a9/window/maximize - {}
COMMAND: DELETE /session/eba308c0d00d228f9e213667bc7850a9/cookie - {}
COMMAND: POST /session/eba308c0d00d228f9e213667bc7850a9/element - {"using":"xpath","value":"//button[@aria-label=\"Select country\"]"}
COMMAND: POST /session/eba308c0d00d228f9e213667bc7850a9/url - {"url":"https://sl:getin1@bayut-e2e-development.dubizzle.dev/"}
RESULT: {"using":"xpath","value":"//ul[@class=\"ab17c37c _8fd21802\"]"}
RESULT: {}
RESULT: {}
RESULT: {"using":"xpath","value":"//button[@aria-label=\"Select country\"]"}
COMMAND: POST /session/eba308c0d00d228f9e213667bc7850a9/execute/sync - {"script":"return (function isElementDisplayed(element) {\n    function nodeIsElement(node) {\n        if (!node) {\n            return false;\n        }\n        switch (node.nodeType) {\n            case Node.ELEMEN ... (7807 more bytes)","args":[{"element-6066-11e4-a52e-4f735466cecf":"f.5561A754051A4142BBB351186E1609A5.d.C66CC178A01B1D060AA64E0B8D0A62EF.e.358","ELEMENT":"f.5561A754051A4142BBB351186E1609A5.d.C66CC178A01B1D060AA64E0B8D0A62EF.e.358"}]}
RESULT: {"url":"https://sl:getin1@bayut-e2e-development.dubizzle.dev/"}
COMMAND: POST /session/eba308c0d00d228f9e213667bc7850a9/element - {"using":"xpath","value":"//button[@aria-label=\"Select country\"]"}
RESULT: {"using":"xpath","value":"//button[@aria-label=\"Select country\"]"}
COMMAND: POST /session/eba308c0d00d228f9e213667bc7850a9/execute/sync - {"script":"return (function isElementDisplayed(element) {\n    function nodeIsElement(node) {\n        if (!node) {\n            return false;\n        }\n        switch (node.nodeType) {\n            case Node.ELEMEN ... (7807 more bytes)","args":[{"element-6066-11e4-a52e-4f735466cecf":"f.5561A754051A4142BBB351186E1609A5.d.DE290D8F4EE698516F80890ADE4D43D7.e.430","ELEMENT":"f.5561A754051A4142BBB351186E1609A5.d.DE290D8F4EE698516F80890ADE4D43D7.e.430"}]}
RESULT: {"script":"return (function isElementDisplayed(element) {\n    function nodeIsElement(node) {\n        if (!node) {\n            return false;\n        }\n        switch (node.nodeType) {\n            case Node.ELEMEN ... (7807 more bytes)","args":[{"element-6066-11e4-a52e-4f735466cecf":"f.5561A754051A4142BBB351186E1609A5.d.DE290D8F4EE698516F80890ADE4D43D7.e.430","ELEMENT":"f.5561A754051A4142BBB351186E1609A5.d.DE290D8F4EE698516F80890ADE4D43D7.e.430"}]}
COMMAND: POST /session/eba308c0d00d228f9e213667bc7850a9/element - {"using":"xpath","value":"//button[@aria-label=\"Select country\"]"}
RESULT: {"using":"xpath","value":"//button[@aria-label=\"Select country\"]"}
COMMAND: POST /session/eba308c0d00d228f9e213667bc7850a9/element/f.5561A754051A4142BBB351186E1609A5.d.DE290D8F4EE698516F80890ADE4D43D7.e.430/click - {}
RESULT: {}
COMMAND: POST /session/eba308c0d00d228f9e213667bc7850a9/element - {"using":"xpath","value":"//ul[@class=\"ab17c37c _8fd21802\"]"}
RESULT: {"using":"xpath","value":"//ul[@class=\"ab17c37c _8fd21802\"]"}
COMMAND: POST /session/eba308c0d00d228f9e213667bc7850a9/element - {"using":"xpath","value":"//ul[@class=\"ab17c37c _8fd21802\"]"}
RESULT: {"using":"xpath","value":"//ul[@class=\"ab17c37c _8fd21802\"]"}
COMMAND: POST /session/eba308c0d00d228f9e213667bc7850a9/element - {"using":"xpath","value":"//ul[@class=\"ab17c37c _8fd21802\"]"}
RESULT: {"using":"xpath","value":"//ul[@class=\"ab17c37c _8fd21802\"]"}
COMMAND: POST /session/eba308c0d00d228f9e213667bc7850a9/element - {"using":"xpath","value":"//ul[@class=\"ab17c37c _8fd21802\"]"}
RESULT: {"using":"xpath","value":"//ul[@class=\"ab17c37c _8fd21802\"]"}
COMMAND: POST /session/eba308c0d00d228f9e213667bc7850a9/element - {"using":"xpath","value":"//ul[@class=\"ab17c37c _8fd21802\"]"}
RESULT: {"using":"xpath","value":"//ul[@class=\"ab17c37c _8fd21802\"]"}
COMMAND: POST /session/eba308c0d00d228f9e213667bc7850a9/element - {"using":"xpath","value":"//ul[@class=\"ab17c37c _8fd21802\"]"}
RESULT: {"using":"xpath","value":"//ul[@class=\"ab17c37c _8fd21802\"]"}
COMMAND: POST /session/eba308c0d00d228f9e213667bc7850a9/element - {"using":"xpath","value":"//ul[@class=\"ab17c37c _8fd21802\"]"}
RESULT: {"using":"xpath","value":"//ul[@class=\"ab17c37c _8fd21802\"]"}
COMMAND: POST /session/eba308c0d00d228f9e213667bc7850a9/element - {"using":"xpath","value":"//ul[@class=\"ab17c37c _8fd21802\"]"}
RESULT: {"using":"xpath","value":"//ul[@class=\"ab17c37c _8fd21802\"]"}
COMMAND: POST /session/eba308c0d00d228f9e213667bc7850a9/element - {"using":"xpath","value":"//ul[@class=\"ab17c37c _8fd21802\"]"}
RESULT: {"using":"xpath","value":"//ul[@class=\"ab17c37c _8fd21802\"]"}
COMMAND: POST /session/eba308c0d00d228f9e213667bc7850a9/element - {"using":"xpath","value":"//ul[@class=\"ab17c37c _8fd21802\"]"}
RESULT: {"using":"xpath","value":"//ul[@class=\"ab17c37c _8fd21802\"]"}
COMMAND: POST /session/eba308c0d00d228f9e213667bc7850a9/element - {"using":"xpath","value":"//ul[@class=\"ab17c37c _8fd21802\"]"}
RESULT: {"using":"xpath","value":"//ul[@class=\"ab17c37c _8fd21802\"]"}
COMMAND: DELETE /session/eba308c0d00d228f9e213667bc7850a9 - {}
RESULT: {}
]]></system-out>
      <system-err><![CDATA[
Error: element ("//ul[@class="ab17c37c _8fd21802"]") still not displayed after 5000ms
    at async Context.<anonymous> (file:///C:/Users/ahsham.khan/Desktop/WebDriver/bayutFunctionals/test/specs/footersection.js:269:9)
]]></system-err>
    </testcase>
  </testsuite>
</testsuites>